#
# There is insufficient memory for the Java Runtime Environment to continue.
# Native memory allocation (mmap) failed to map 536870912 bytes for committing reserved memory.
# Possible reasons:
#   The system is out of physical RAM or swap space
#   In 32 bit mode, the process size limit was hit
# Possible solutions:
#   Reduce memory load on the system
#   Increase physical memory or swap space
#   Check if swap backing store is full
#   Use 64 bit Java on a 64 bit OS
#   Decrease Java heap size (-Xmx/-Xms)
#   Decrease number of Java threads
#   Decrease Java thread stack sizes (-Xss)
#   Set larger code cache with -XX:ReservedCodeCacheSize=
# This output file may be truncated or incomplete.
#
#  Out of Memory Error (os_linux.cpp:2627), pid=32502, tid=0x00007f8b728f8700
#
# JRE version:  (8.0_101-b13) (build )
# Java VM: Java HotSpot(TM) 64-Bit Server VM (25.101-b13 mixed mode linux-amd64 compressed oops)
# Failed to write core dump. Core dumps have been disabled. To enable core dumping, try "ulimit -c unlimited" before starting Java again
#

---------------  T H R E A D  ---------------

Current thread (0x00007f8b6c00a800):  JavaThread "Unknown thread" [_thread_in_vm, id=32504, stack(0x00007f8b727f8000,0x00007f8b728f9000)]

Stack: [0x00007f8b727f8000,0x00007f8b728f9000],  sp=0x00007f8b728f73c0,  free space=1020k
Native frames: (J=compiled Java code, j=interpreted, Vv=VM code, C=native code)
V  [libjvm.so+0xac3f0a]  VMError::report_and_die()+0x2ba
V  [libjvm.so+0x4fbf9b]  report_vm_out_of_memory(char const*, int, unsigned long, VMErrorType, char const*)+0x8b
V  [libjvm.so+0x9222d3]  os::Linux::commit_memory_impl(char*, unsigned long, bool)+0x103
V  [libjvm.so+0x922829]  os::pd_commit_memory(char*, unsigned long, unsigned long, bool)+0x29
V  [libjvm.so+0x91cb2a]  os::commit_memory(char*, unsigned long, unsigned long, bool)+0x2a
V  [libjvm.so+0x991053]  PSVirtualSpace::expand_by(unsigned long)+0x53
V  [libjvm.so+0x981177]  PSOldGen::initialize(ReservedSpace, unsigned long, char const*, int)+0xb7
V  [libjvm.so+0x2d884a]  AdjoiningGenerations::AdjoiningGenerations(ReservedSpace, GenerationSizer*, unsigned long)+0x39a
V  [libjvm.so+0x945686]  ParallelScavengeHeap::initialize()+0x1d6
V  [libjvm.so+0xa8c753]  Universe::initialize_heap()+0xf3
V  [libjvm.so+0xa8c99e]  universe_init()+0x3e
V  [libjvm.so+0x63bdf5]  init_globals()+0x65
V  [libjvm.so+0xa70bfe]  Threads::create_vm(JavaVMInitArgs*, bool*)+0x23e
V  [libjvm.so+0x6d08f4]  JNI_CreateJavaVM+0x74
C  [libjli.so+0x745e]  JavaMain+0x9e
C  [libpthread.so.0+0x76fa]  start_thread+0xca


---------------  P R O C E S S  ---------------

Java Threads: ( => current thread )

Other Threads:

=>0x00007f8b6c00a800 (exited) JavaThread "Unknown thread" [_thread_in_vm, id=32504, stack(0x00007f8b727f8000,0x00007f8b728f9000)]

VM state:not at safepoint (not fully initialized)

VM Mutex/Monitor currently owned by a thread: None

GC Heap History (0 events):
No events

Deoptimization events (0 events):
No events

Internal exceptions (0 events):
No events

Events (0 events):
No events


Dynamic libraries:
00400000-00401000 r-xp 00000000 08:05 10489601                           /usr/lib/jvm/java-8-oracle/bin/java
00600000-00601000 rw-p 00000000 08:05 10489601                           /usr/lib/jvm/java-8-oracle/bin/java
02178000-02199000 rw-p 00000000 00:00 0                                  [heap]
f0000000-100000000 rw-p 00000000 00:00 0 
7f8b5c167000-7f8b5c3f8000 rw-p 00000000 00:00 0 
7f8b5c3f8000-7f8b5c7ae000 ---p 00000000 00:00 0 
7f8b5c7ae000-7f8b5ca1e000 rwxp 00000000 00:00 0 
7f8b5ca1e000-7f8b6b7ae000 ---p 00000000 00:00 0 
7f8b6b7ae000-7f8b6b7c8000 r-xp 00000000 08:05 10358052                   /usr/lib/jvm/java-8-oracle/jre/lib/amd64/libzip.so
7f8b6b7c8000-7f8b6b9c8000 ---p 0001a000 08:05 10358052                   /usr/lib/jvm/java-8-oracle/jre/lib/amd64/libzip.so
7f8b6b9c8000-7f8b6b9c9000 rw-p 0001a000 08:05 10358052                   /usr/lib/jvm/java-8-oracle/jre/lib/amd64/libzip.so
7f8b6b9c9000-7f8b6b9d4000 r-xp 00000000 08:05 4851579                    /lib/x86_64-linux-gnu/libnss_files-2.23.so
7f8b6b9d4000-7f8b6bbd3000 ---p 0000b000 08:05 4851579                    /lib/x86_64-linux-gnu/libnss_files-2.23.so
7f8b6bbd3000-7f8b6bbd4000 r--p 0000a000 08:05 4851579                    /lib/x86_64-linux-gnu/libnss_files-2.23.so
7f8b6bbd4000-7f8b6bbd5000 rw-p 0000b000 08:05 4851579                    /lib/x86_64-linux-gnu/libnss_files-2.23.so
7f8b6bbd5000-7f8b6bbdb000 rw-p 00000000 00:00 0 
7f8b6bbdb000-7f8b6bbe6000 r-xp 00000000 08:05 4851547                    /lib/x86_64-linux-gnu/libnss_nis-2.23.so
7f8b6bbe6000-7f8b6bde5000 ---p 0000b000 08:05 4851547                    /lib/x86_64-linux-gnu/libnss_nis-2.23.so
7f8b6bde5000-7f8b6bde6000 r--p 0000a000 08:05 4851547                    /lib/x86_64-linux-gnu/libnss_nis-2.23.so
7f8b6bde6000-7f8b6bde7000 rw-p 0000b000 08:05 4851547                    /lib/x86_64-linux-gnu/libnss_nis-2.23.so
7f8b6bde7000-7f8b6bdfd000 r-xp 00000000 08:05 4851544                    /lib/x86_64-linux-gnu/libnsl-2.23.so
7f8b6bdfd000-7f8b6bffc000 ---p 00016000 08:05 4851544                    /lib/x86_64-linux-gnu/libnsl-2.23.so
7f8b6bffc000-7f8b6bffd000 r--p 00015000 08:05 4851544                    /lib/x86_64-linux-gnu/libnsl-2.23.so
7f8b6bffd000-7f8b6bffe000 rw-p 00016000 08:05 4851544                    /lib/x86_64-linux-gnu/libnsl-2.23.so
7f8b6bffe000-7f8b6c000000 rw-p 00000000 00:00 0 
7f8b6c000000-7f8b6c035000 rw-p 00000000 00:00 0 
7f8b6c035000-7f8b70000000 ---p 00000000 00:00 0 
7f8b7003a000-7f8b7013a000 ---p 00000000 00:00 0 
7f8b7013a000-7f8b701bb000 rw-p 00000000 00:00 0 
7f8b701bb000-7f8b701c3000 r-xp 00000000 08:05 4851542                    /lib/x86_64-linux-gnu/libnss_compat-2.23.so
7f8b701c3000-7f8b703c2000 ---p 00008000 08:05 4851542                    /lib/x86_64-linux-gnu/libnss_compat-2.23.so
7f8b703c2000-7f8b703c3000 r--p 00007000 08:05 4851542                    /lib/x86_64-linux-gnu/libnss_compat-2.23.so
7f8b703c3000-7f8b703c4000 rw-p 00008000 08:05 4851542                    /lib/x86_64-linux-gnu/libnss_compat-2.23.so
7f8b703c4000-7f8b703ee000 r-xp 00000000 08:05 10358020                   /usr/lib/jvm/java-8-oracle/jre/lib/amd64/libjava.so
7f8b703ee000-7f8b705ee000 ---p 0002a000 08:05 10358020                   /usr/lib/jvm/java-8-oracle/jre/lib/amd64/libjava.so
7f8b705ee000-7f8b705f0000 rw-p 0002a000 08:05 10358020                   /usr/lib/jvm/java-8-oracle/jre/lib/amd64/libjava.so
7f8b705f0000-7f8b705fd000 r-xp 00000000 08:05 10358028                   /usr/lib/jvm/java-8-oracle/jre/lib/amd64/libverify.so
7f8b705fd000-7f8b707fd000 ---p 0000d000 08:05 10358028                   /usr/lib/jvm/java-8-oracle/jre/lib/amd64/libverify.so
7f8b707fd000-7f8b707ff000 rw-p 0000d000 08:05 10358028                   /usr/lib/jvm/java-8-oracle/jre/lib/amd64/libverify.so
7f8b707ff000-7f8b70806000 r-xp 00000000 08:05 4851632                    /lib/x86_64-linux-gnu/librt-2.23.so
7f8b70806000-7f8b70a05000 ---p 00007000 08:05 4851632                    /lib/x86_64-linux-gnu/librt-2.23.so
7f8b70a05000-7f8b70a06000 r--p 00006000 08:05 4851632                    /lib/x86_64-linux-gnu/librt-2.23.so
7f8b70a06000-7f8b70a07000 rw-p 00007000 08:05 4851632                    /lib/x86_64-linux-gnu/librt-2.23.so
7f8b70a07000-7f8b70b0f000 r-xp 00000000 08:05 4851626                    /lib/x86_64-linux-gnu/libm-2.23.so
7f8b70b0f000-7f8b70d0e000 ---p 00108000 08:05 4851626                    /lib/x86_64-linux-gnu/libm-2.23.so
7f8b70d0e000-7f8b70d0f000 r--p 00107000 08:05 4851626                    /lib/x86_64-linux-gnu/libm-2.23.so
7f8b70d0f000-7f8b70d10000 rw-p 00108000 08:05 4851626                    /lib/x86_64-linux-gnu/libm-2.23.so
7f8b70d10000-7f8b719db000 r-xp 00000000 08:05 10358058                   /usr/lib/jvm/java-8-oracle/jre/lib/amd64/server/libjvm.so
7f8b719db000-7f8b71bda000 ---p 00ccb000 08:05 10358058                   /usr/lib/jvm/java-8-oracle/jre/lib/amd64/server/libjvm.so
7f8b71bda000-7f8b71cb3000 rw-p 00cca000 08:05 10358058                   /usr/lib/jvm/java-8-oracle/jre/lib/amd64/server/libjvm.so
7f8b71cb3000-7f8b71cfe000 rw-p 00000000 00:00 0 
7f8b71cfe000-7f8b71ebe000 r-xp 00000000 08:05 4851648                    /lib/x86_64-linux-gnu/libc-2.23.so
7f8b71ebe000-7f8b720bd000 ---p 001c0000 08:05 4851648                    /lib/x86_64-linux-gnu/libc-2.23.so
7f8b720bd000-7f8b720c1000 r--p 001bf000 08:05 4851648                    /lib/x86_64-linux-gnu/libc-2.23.so
7f8b720c1000-7f8b720c3000 rw-p 001c3000 08:05 4851648                    /lib/x86_64-linux-gnu/libc-2.23.so
7f8b720c3000-7f8b720c7000 rw-p 00000000 00:00 0 
7f8b720c7000-7f8b720ca000 r-xp 00000000 08:05 4851650                    /lib/x86_64-linux-gnu/libdl-2.23.so
7f8b720ca000-7f8b722c9000 ---p 00003000 08:05 4851650                    /lib/x86_64-linux-gnu/libdl-2.23.so
7f8b722c9000-7f8b722ca000 r--p 00002000 08:05 4851650                    /lib/x86_64-linux-gnu/libdl-2.23.so
7f8b722ca000-7f8b722cb000 rw-p 00003000 08:05 4851650                    /lib/x86_64-linux-gnu/libdl-2.23.so
7f8b722cb000-7f8b722e0000 r-xp 00000000 08:05 10621341                   /usr/lib/jvm/java-8-oracle/lib/amd64/jli/libjli.so
7f8b722e0000-7f8b724e0000 ---p 00015000 08:05 10621341                   /usr/lib/jvm/java-8-oracle/lib/amd64/jli/libjli.so
7f8b724e0000-7f8b724e1000 rw-p 00015000 08:05 10621341                   /usr/lib/jvm/java-8-oracle/lib/amd64/jli/libjli.so
7f8b724e1000-7f8b724f9000 r-xp 00000000 08:05 4851640                    /lib/x86_64-linux-gnu/libpthread-2.23.so
7f8b724f9000-7f8b726f8000 ---p 00018000 08:05 4851640                    /lib/x86_64-linux-gnu/libpthread-2.23.so
7f8b726f8000-7f8b726f9000 r--p 00017000 08:05 4851640                    /lib/x86_64-linux-gnu/libpthread-2.23.so
7f8b726f9000-7f8b726fa000 rw-p 00018000 08:05 4851640                    /lib/x86_64-linux-gnu/libpthread-2.23.so
7f8b726fa000-7f8b726fe000 rw-p 00000000 00:00 0 
7f8b726fe000-7f8b72724000 r-xp 00000000 08:05 4851634                    /lib/x86_64-linux-gnu/ld-2.23.so
7f8b727f8000-7f8b727fb000 ---p 00000000 00:00 0 
7f8b727fb000-7f8b728fd000 rw-p 00000000 00:00 0 
7f8b72917000-7f8b7291f000 rw-s 00000000 08:05 14953447                   /tmp/hsperfdata_clinton/32502
7f8b7291f000-7f8b72920000 rw-p 00000000 00:00 0 
7f8b72920000-7f8b72921000 r--p 00000000 00:00 0 
7f8b72921000-7f8b72923000 rw-p 00000000 00:00 0 
7f8b72923000-7f8b72924000 r--p 00025000 08:05 4851634                    /lib/x86_64-linux-gnu/ld-2.23.so
7f8b72924000-7f8b72925000 rw-p 00026000 08:05 4851634                    /lib/x86_64-linux-gnu/ld-2.23.so
7f8b72925000-7f8b72926000 rw-p 00000000 00:00 0 
7ffeb4fb5000-7ffeb4fd6000 rw-p 00000000 00:00 0                          [stack]
7ffeb4fe1000-7ffeb4fe3000 r--p 00000000 00:00 0                          [vvar]
7ffeb4fe3000-7ffeb4fe5000 r-xp 00000000 00:00 0                          [vdso]
ffffffffff600000-ffffffffff601000 r-xp 00000000 00:00 0                  [vsyscall]

VM Arguments:
jvm_args: -Denv=test -Dfull.stacktrace=false -Dgrails.env=test -Dgrails.full.stacktrace=false -Dinfo.app.grailsVersion=3.1.9 -Dinfo.app.name=hubbub -Dinfo.app.version=0.1 -Dinteractive.mode.enabled=true -Djava.security.manager=jarjar.org.gradle.process.internal.child.BootstrapSecurityManager -Drun.active=true -Dverbose=false -XX:+TieredCompilation -XX:TieredStopAtLevel=1 -XX:CICompilerCount=3 -Xms768m -Xmx768m -Dfile.encoding=UTF-8 -Duser.country=IN -Duser.language=en -Duser.variant -ea 
java_command: jarjar.org.gradle.process.internal.launcher.GradleWorkerMain 'Gradle Test Executor 5'
java_class_path (initial): /home/clinton/.gradle/caches/2.13/workerMain/gradle-worker.jar
Launcher Type: SUN_STANDARD

Environment Variables:
JAVA_HOME=/usr/lib/jvm/java-8-oracle
JRE_HOME=/usr/lib/jvm/java-8-oracle/jre
PATH=/home/clinton/.npm-global/bin:/home/clinton/.sdkman/candidates/groovy/current/bin:/home/clinton/.sdkman/candidates/grails/current/bin:/home/clinton/.sdkman/candidates/gradle/current/bin:/home/clinton/.local/share/umake/bin:/home/clinton/bin:/usr/local/sbin:/usr/local/bin:/usr/sbin:/usr/bin:/sbin:/bin:/usr/games:/usr/local/games:/snap/bin:/usr/lib/jvm/java-8-oracle/bin:/usr/lib/jvm/java-8-oracle/db/bin:/usr/lib/jvm/java-8-oracle/jre/bin:/snap/bin:/usr/lib/jvm/java-8-oracle/bin:/usr/lib/jvm/java-8-oracle/db/bin:/usr/lib/jvm/java-8-oracle/jre/bin
LD_LIBRARY_PATH=/opt/idea-IU-162.1121.32/bin:
SHELL=/bin/bash
DISPLAY=:0

Signal Handlers:
SIGSEGV: [libjvm.so+0xac4790], sa_mask[0]=11111111011111111101111111111110, sa_flags=SA_RESTART|SA_SIGINFO
SIGBUS: [libjvm.so+0xac4790], sa_mask[0]=11111111011111111101111111111110, sa_flags=SA_RESTART|SA_SIGINFO
SIGFPE: [libjvm.so+0x91f140], sa_mask[0]=11111111011111111101111111111110, sa_flags=SA_RESTART|SA_SIGINFO
SIGPIPE: [libjvm.so+0x91f140], sa_mask[0]=11111111011111111101111111111110, sa_flags=SA_RESTART|SA_SIGINFO
SIGXFSZ: [libjvm.so+0x91f140], sa_mask[0]=11111111011111111101111111111110, sa_flags=SA_RESTART|SA_SIGINFO
SIGILL: [libjvm.so+0x91f140], sa_mask[0]=11111111011111111101111111111110, sa_flags=SA_RESTART|SA_SIGINFO
SIGUSR1: SIG_DFL, sa_mask[0]=00000000000000000000000000000000, sa_flags=none
SIGUSR2: [libjvm.so+0x920770], sa_mask[0]=00100000000000000000000000000000, sa_flags=SA_RESTART|SA_SIGINFO
SIGHUP: SIG_DFL, sa_mask[0]=00000000000000000000000000000000, sa_flags=none
SIGINT: SIG_DFL, sa_mask[0]=00000000000000000000000000000000, sa_flags=none
SIGTERM: SIG_DFL, sa_mask[0]=00000000000000000000000000000000, sa_flags=none
SIGQUIT: SIG_DFL, sa_mask[0]=00000000000000000000000000000000, sa_flags=none


---------------  S Y S T E M  ---------------

OS:DISTRIB_ID=Ubuntu
DISTRIB_RELEASE=16.04
DISTRIB_CODENAME=xenial
DISTRIB_DESCRIPTION="Ubuntu 16.04.1 LTS"

uname:Linux 4.4.0-31-generic #50-Ubuntu SMP Wed Jul 13 00:07:12 UTC 2016 x86_64
libc:glibc 2.23 NPTL 2.23 
rlimit: STACK 8192k, CORE 0k, NPROC 27243, NOFILE 65536, AS infinity
load average:0.99 1.21 1.26

/proc/meminfo:
MemTotal:        7064480 kB
MemFree:          142748 kB
MemAvailable:     378036 kB
Buffers:           19384 kB
Cached:           457192 kB
SwapCached:            0 kB
Active:          6197608 kB
Inactive:         246412 kB
Active(anon):    5970616 kB
Inactive(anon):    54484 kB
Active(file):     226992 kB
Inactive(file):   191928 kB
Unevictable:         288 kB
Mlocked:             288 kB
SwapTotal:             0 kB
SwapFree:              0 kB
Dirty:               848 kB
Writeback:             0 kB
AnonPages:       5967780 kB
Mapped:           161528 kB
Shmem:             57700 kB
Slab:             141636 kB
SReclaimable:      71580 kB
SUnreclaim:        70056 kB
KernelStack:       12752 kB
PageTables:        47352 kB
NFS_Unstable:          0 kB
Bounce:                0 kB
WritebackTmp:          0 kB
CommitLimit:     3532240 kB
Committed_AS:   10855588 kB
VmallocTotal:   34359738367 kB
VmallocUsed:           0 kB
VmallocChunk:          0 kB
HardwareCorrupted:     0 kB
AnonHugePages:   3014656 kB
CmaTotal:              0 kB
CmaFree:               0 kB
HugePages_Total:       0
HugePages_Free:        0
HugePages_Rsvd:        0
HugePages_Surp:        0
Hugepagesize:       2048 kB
DirectMap4k:      939312 kB
DirectMap2M:     6322176 kB
DirectMap1G:     1048576 kB


CPU:total 4 (4 cores per cpu, 1 threads per core) family 22 model 48 stepping 1, cmov, cx8, fxsr, mmx, sse, sse2, sse3, ssse3, sse4.1, sse4.2, popcnt, avx, aes, clmul, mmxext, 3dnowpref, lzcnt, sse4a, tsc, tscinvbit, tscinv, bmi1

/proc/cpuinfo:
processor	: 0
vendor_id	: AuthenticAMD
cpu family	: 22
model		: 48
model name	: AMD A6-7310 APU with AMD Radeon R4 Graphics
stepping	: 1
microcode	: 0x7030105
cpu MHz		: 2000.000
cache size	: 2048 KB
physical id	: 0
siblings	: 4
core id		: 0
cpu cores	: 4
apicid		: 0
initial apicid	: 0
fpu		: yes
fpu_exception	: yes
cpuid level	: 13
wp		: yes
flags		: fpu vme de pse tsc msr pae mce cx8 apic sep mtrr pge mca cmov pat pse36 clflush mmx fxsr sse sse2 ht syscall nx mmxext fxsr_opt pdpe1gb rdtscp lm constant_tsc rep_good nopl nonstop_tsc extd_apicid aperfmperf eagerfpu pni pclmulqdq monitor ssse3 cx16 sse4_1 sse4_2 movbe popcnt aes xsave avx f16c rdrand lahf_lm cmp_legacy svm extapic cr8_legacy abm sse4a misalignsse 3dnowprefetch osvw ibs skinit wdt topoext perfctr_nb bpext perfctr_l2 cpb hw_pstate vmmcall bmi1 xsaveopt arat npt lbrv svm_lock nrip_save tsc_scale flushbyasid decodeassists pausefilter pfthreshold
bugs		: fxsave_leak sysret_ss_attrs
bogomips	: 3992.64
TLB size	: 1024 4K pages
clflush size	: 64
cache_alignment	: 64
address sizes	: 40 bits physical, 48 bits virtual
power management: ts ttp tm 100mhzsteps hwpstate cpb [12] [13]

processor	: 1
vendor_id	: AuthenticAMD
cpu family	: 22
model		: 48
model name	: AMD A6-7310 APU with AMD Radeon R4 Graphics
stepping	: 1
microcode	: 0x7030105
cpu MHz		: 2000.000
cache size	: 2048 KB
physical id	: 0
siblings	: 4
core id		: 1
cpu cores	: 4
apicid		: 1
initial apicid	: 1
fpu		: yes
fpu_exception	: yes
cpuid level	: 13
wp		: yes
flags		: fpu vme de pse tsc msr pae mce cx8 apic sep mtrr pge mca cmov pat pse36 clflush mmx fxsr sse sse2 ht syscall nx mmxext fxsr_opt pdpe1gb rdtscp lm constant_tsc rep_good nopl nonstop_tsc extd_apicid aperfmperf eagerfpu pni pclmulqdq monitor ssse3 cx16 sse4_1 sse4_2 movbe popcnt aes xsave avx f16c rdrand lahf_lm cmp_legacy svm extapic cr8_legacy abm sse4a misalignsse 3dnowprefetch osvw ibs skinit wdt topoext perfctr_nb bpext perfctr_l2 cpb hw_pstate vmmcall bmi1 xsaveopt arat npt lbrv svm_lock nrip_save tsc_scale flushbyasid decodeassists pausefilter pfthreshold
bugs		: fxsave_leak sysret_ss_attrs
bogomips	: 3992.64
TLB size	: 1024 4K pages
clflush size	: 64
cache_alignment	: 64
address sizes	: 40 bits physical, 48 bits virtual
power management: ts ttp tm 100mhzsteps hwpstate cpb [12] [13]

processor	: 2
vendor_id	: AuthenticAMD
cpu family	: 22
model		: 48
model name	: AMD A6-7310 APU with AMD Radeon R4 Graphics
stepping	: 1
microcode	: 0x7030105
cpu MHz		: 2000.000
cache size	: 2048 KB
physical id	: 0
siblings	: 4
core id		: 2
cpu cores	: 4
apicid		: 2
initial apicid	: 2
fpu		: yes
fpu_exception	: yes
cpuid level	: 13
wp		: yes
flags		: fpu vme de pse tsc msr pae mce cx8 apic sep mtrr pge mca cmov pat pse36 clflush mmx fxsr sse sse2 ht syscall nx mmxext fxsr_opt pdpe1gb rdtscp lm constant_tsc rep_good nopl nonstop_tsc extd_apicid aperfmperf eagerfpu pni pclmulqdq monitor ssse3 cx16 sse4_1 sse4_2 movbe popcnt aes xsave avx f16c rdrand lahf_lm cmp_legacy svm extapic cr8_legacy abm sse4a misalignsse 3dnowprefetch osvw ibs skinit wdt topoext perfctr_nb bpext perfctr_l2 cpb hw_pstate vmmcall bmi1 xsaveopt arat npt lbrv svm_lock nrip_save tsc_scale flushbyasid decodeassists pausefilter pfthreshold
bugs		: fxsave_leak sysret_ss_attrs
bogomips	: 3992.64
TLB size	: 1024 4K pages
clflush size	: 64
cache_alignment	: 64
address sizes	: 40 bits physical, 48 bits virtual
power management: ts ttp tm 100mhzsteps hwpstate cpb [12] [13]

processor	: 3
vendor_id	: AuthenticAMD
cpu family	: 22
model		: 48
model name	: AMD A6-7310 APU with AMD Radeon R4 Graphics
stepping	: 1
microcode	: 0x7030105
cpu MHz		: 2000.000
cache size	: 2048 KB
physical id	: 0
siblings	: 4
core id		: 3
cpu cores	: 4
apicid		: 3
initial apicid	: 3
fpu		: yes
fpu_exception	: yes
cpuid level	: 13
wp		: yes
flags		: fpu vme de pse tsc msr pae mce cx8 apic sep mtrr pge mca cmov pat pse36 clflush mmx fxsr sse sse2 ht syscall nx mmxext fxsr_opt pdpe1gb rdtscp lm constant_tsc rep_good nopl nonstop_tsc extd_apicid aperfmperf eagerfpu pni pclmulqdq monitor ssse3 cx16 sse4_1 sse4_2 movbe popcnt aes xsave avx f16c rdrand lahf_lm cmp_legacy svm extapic cr8_legacy abm sse4a misalignsse 3dnowprefetch osvw ibs skinit wdt topoext perfctr_nb bpext perfctr_l2 cpb hw_pstate vmmcall bmi1 xsaveopt arat npt lbrv svm_lock nrip_save tsc_scale flushbyasid decodeassists pausefilter pfthreshold
bugs		: fxsave_leak sysret_ss_attrs
bogomips	: 3992.64
TLB size	: 1024 4K pages
clflush size	: 64
cache_alignment	: 64
address sizes	: 40 bits physical, 48 bits virtual
power management: ts ttp tm 100mhzsteps hwpstate cpb [12] [13]



Memory: 4k page, physical 7064480k(142748k free), swap 0k(0k free)

vm_info: Java HotSpot(TM) 64-Bit Server VM (25.101-b13) for linux-amd64 JRE (1.8.0_101-b13), built on Jun 22 2016 02:59:44 by "java_re" with gcc 4.3.0 20080428 (Red Hat 4.3.0-8)

time: Tue Jul 26 21:53:40 2016
elapsed time: 0 seconds (0d 0h 0m 0s)

