#
# There is insufficient memory for the Java Runtime Environment to continue.
# Native memory allocation (mmap) failed to map 268435456 bytes for committing reserved memory.
# Possible reasons:
#   The system is out of physical RAM or swap space
#   In 32 bit mode, the process size limit was hit
# Possible solutions:
#   Reduce memory load on the system
#   Increase physical memory or swap space
#   Check if swap backing store is full
#   Use 64 bit Java on a 64 bit OS
#   Decrease Java heap size (-Xmx/-Xms)
#   Decrease number of Java threads
#   Decrease Java thread stack sizes (-Xss)
#   Set larger code cache with -XX:ReservedCodeCacheSize=
# This output file may be truncated or incomplete.
#
#  Out of Memory Error (os_linux.cpp:2627), pid=2694, tid=139800963143424
#
# JRE version:  (8.0_91-b14) (build )
# Java VM: Java HotSpot(TM) 64-Bit Server VM (25.91-b14 mixed mode linux-amd64 compressed oops)
# Failed to write core dump. Core dumps have been disabled. To enable core dumping, try "ulimit -c unlimited" before starting Java again
#

---------------  T H R E A D  ---------------

Current thread (0x00007f25ec00a800):  JavaThread "Unknown thread" [_thread_in_vm, id=2701, stack(0x00007f25f2af5000,0x00007f25f2bf6000)]

Stack: [0x00007f25f2af5000,0x00007f25f2bf6000],  sp=0x00007f25f2bf43b0,  free space=1020k
Native frames: (J=compiled Java code, j=interpreted, Vv=VM code, C=native code)
V  [libjvm.so+0xabc18a]  VMError::report_and_die()+0x2ba
V  [libjvm.so+0x4fafeb]  report_vm_out_of_memory(char const*, int, unsigned long, VMErrorType, char const*)+0x8b
V  [libjvm.so+0x91cbb3]  os::Linux::commit_memory_impl(char*, unsigned long, bool)+0x103
V  [libjvm.so+0x91d109]  os::pd_commit_memory(char*, unsigned long, unsigned long, bool)+0x29
V  [libjvm.so+0x91740a]  os::commit_memory(char*, unsigned long, unsigned long, bool)+0x2a
V  [libjvm.so+0x98b033]  PSVirtualSpace::expand_by(unsigned long)+0x53
V  [libjvm.so+0x98bff5]  PSYoungGen::initialize_virtual_space(ReservedSpace, unsigned long)+0x75
V  [libjvm.so+0x98c95e]  PSYoungGen::initialize(ReservedSpace, unsigned long)+0x3e
V  [libjvm.so+0x2d8225]  AdjoiningGenerations::AdjoiningGenerations(ReservedSpace, GenerationSizer*, unsigned long)+0x345
V  [libjvm.so+0x93ff76]  ParallelScavengeHeap::initialize()+0x1d6
V  [libjvm.so+0xa849bb]  Universe::initialize_heap()+0xfb
V  [libjvm.so+0xa84d2e]  universe_init()+0x3e
V  [libjvm.so+0x63a575]  init_globals()+0x65
V  [libjvm.so+0xa68f3e]  Threads::create_vm(JavaVMInitArgs*, bool*)+0x23e
V  [libjvm.so+0x6cede4]  JNI_CreateJavaVM+0x74
C  [libjli.so+0x745e]  JavaMain+0x9e
C  [libpthread.so.0+0x8184]  start_thread+0xc4


---------------  P R O C E S S  ---------------

Java Threads: ( => current thread )

Other Threads:

=>0x00007f25ec00a800 (exited) JavaThread "Unknown thread" [_thread_in_vm, id=2701, stack(0x00007f25f2af5000,0x00007f25f2bf6000)]

VM state:not at safepoint (not fully initialized)

VM Mutex/Monitor currently owned by a thread: None

GC Heap History (0 events):
No events

Deoptimization events (0 events):
No events

Internal exceptions (0 events):
No events

Events (0 events):
No events


Dynamic libraries:
00400000-00401000 r-xp 00000000 08:05 10489601                           /usr/lib/jvm/java-8-oracle/bin/java
00600000-00601000 rw-p 00000000 08:05 10489601                           /usr/lib/jvm/java-8-oracle/bin/java
023b0000-023d1000 rw-p 00000000 00:00 0                                  [heap]
d0000000-f0000000 ---p 00000000 00:00 0 
7f25dc414000-7f25dc699000 rw-p 00000000 00:00 0 
7f25dc699000-7f25dc819000 ---p 00000000 00:00 0 
7f25dc819000-7f25dc824000 rw-p 00000000 00:00 0 
7f25dc824000-7f25dcbda000 ---p 00000000 00:00 0 
7f25dcbda000-7f25dce4a000 rwxp 00000000 00:00 0 
7f25dce4a000-7f25ebbda000 ---p 00000000 00:00 0 
7f25ebbda000-7f25ebbf4000 r-xp 00000000 08:05 10360209                   /usr/lib/jvm/java-8-oracle/jre/lib/amd64/libzip.so
7f25ebbf4000-7f25ebdf4000 ---p 0001a000 08:05 10360209                   /usr/lib/jvm/java-8-oracle/jre/lib/amd64/libzip.so
7f25ebdf4000-7f25ebdf5000 rw-p 0001a000 08:05 10360209                   /usr/lib/jvm/java-8-oracle/jre/lib/amd64/libzip.so
7f25ebdf5000-7f25ebdff000 r-xp 00000000 08:05 4851644                    /lib/x86_64-linux-gnu/libnss_files-2.19.so
7f25ebdff000-7f25ebffe000 ---p 0000a000 08:05 4851644                    /lib/x86_64-linux-gnu/libnss_files-2.19.so
7f25ebffe000-7f25ebfff000 r--p 00009000 08:05 4851644                    /lib/x86_64-linux-gnu/libnss_files-2.19.so
7f25ebfff000-7f25ec000000 rw-p 0000a000 08:05 4851644                    /lib/x86_64-linux-gnu/libnss_files-2.19.so
7f25ec000000-7f25ec032000 rw-p 00000000 00:00 0 
7f25ec032000-7f25f0000000 ---p 00000000 00:00 0 
7f25f00a0000-7f25f00ab000 r-xp 00000000 08:05 4851631                    /lib/x86_64-linux-gnu/libnss_nis-2.19.so
7f25f00ab000-7f25f02aa000 ---p 0000b000 08:05 4851631                    /lib/x86_64-linux-gnu/libnss_nis-2.19.so
7f25f02aa000-7f25f02ab000 r--p 0000a000 08:05 4851631                    /lib/x86_64-linux-gnu/libnss_nis-2.19.so
7f25f02ab000-7f25f02ac000 rw-p 0000b000 08:05 4851631                    /lib/x86_64-linux-gnu/libnss_nis-2.19.so
7f25f02ac000-7f25f02c3000 r-xp 00000000 08:05 4851623                    /lib/x86_64-linux-gnu/libnsl-2.19.so
7f25f02c3000-7f25f04c2000 ---p 00017000 08:05 4851623                    /lib/x86_64-linux-gnu/libnsl-2.19.so
7f25f04c2000-7f25f04c3000 r--p 00016000 08:05 4851623                    /lib/x86_64-linux-gnu/libnsl-2.19.so
7f25f04c3000-7f25f04c4000 rw-p 00017000 08:05 4851623                    /lib/x86_64-linux-gnu/libnsl-2.19.so
7f25f04c4000-7f25f04c6000 rw-p 00000000 00:00 0 
7f25f04c6000-7f25f04cf000 r-xp 00000000 08:05 4851621                    /lib/x86_64-linux-gnu/libnss_compat-2.19.so
7f25f04cf000-7f25f06ce000 ---p 00009000 08:05 4851621                    /lib/x86_64-linux-gnu/libnss_compat-2.19.so
7f25f06ce000-7f25f06cf000 r--p 00008000 08:05 4851621                    /lib/x86_64-linux-gnu/libnss_compat-2.19.so
7f25f06cf000-7f25f06d0000 rw-p 00009000 08:05 4851621                    /lib/x86_64-linux-gnu/libnss_compat-2.19.so
7f25f06d0000-7f25f06fa000 r-xp 00000000 08:05 10359102                   /usr/lib/jvm/java-8-oracle/jre/lib/amd64/libjava.so
7f25f06fa000-7f25f08fa000 ---p 0002a000 08:05 10359102                   /usr/lib/jvm/java-8-oracle/jre/lib/amd64/libjava.so
7f25f08fa000-7f25f08fc000 rw-p 0002a000 08:05 10359102                   /usr/lib/jvm/java-8-oracle/jre/lib/amd64/libjava.so
7f25f08fc000-7f25f0909000 r-xp 00000000 08:05 10360138                   /usr/lib/jvm/java-8-oracle/jre/lib/amd64/libverify.so
7f25f0909000-7f25f0b09000 ---p 0000d000 08:05 10360138                   /usr/lib/jvm/java-8-oracle/jre/lib/amd64/libverify.so
7f25f0b09000-7f25f0b0b000 rw-p 0000d000 08:05 10360138                   /usr/lib/jvm/java-8-oracle/jre/lib/amd64/libverify.so
7f25f0b0b000-7f25f0b12000 r-xp 00000000 08:05 4851639                    /lib/x86_64-linux-gnu/librt-2.19.so
7f25f0b12000-7f25f0d11000 ---p 00007000 08:05 4851639                    /lib/x86_64-linux-gnu/librt-2.19.so
7f25f0d11000-7f25f0d12000 r--p 00006000 08:05 4851639                    /lib/x86_64-linux-gnu/librt-2.19.so
7f25f0d12000-7f25f0d13000 rw-p 00007000 08:05 4851639                    /lib/x86_64-linux-gnu/librt-2.19.so
7f25f0d13000-7f25f0e18000 r-xp 00000000 08:05 4851611                    /lib/x86_64-linux-gnu/libm-2.19.so
7f25f0e18000-7f25f1017000 ---p 00105000 08:05 4851611                    /lib/x86_64-linux-gnu/libm-2.19.so
7f25f1017000-7f25f1018000 r--p 00104000 08:05 4851611                    /lib/x86_64-linux-gnu/libm-2.19.so
7f25f1018000-7f25f1019000 rw-p 00105000 08:05 4851611                    /lib/x86_64-linux-gnu/libm-2.19.so
7f25f1019000-7f25f1cd9000 r-xp 00000000 08:05 10360215                   /usr/lib/jvm/java-8-oracle/jre/lib/amd64/server/libjvm.so
7f25f1cd9000-7f25f1ed9000 ---p 00cc0000 08:05 10360215                   /usr/lib/jvm/java-8-oracle/jre/lib/amd64/server/libjvm.so
7f25f1ed9000-7f25f1fb1000 rw-p 00cc0000 08:05 10360215                   /usr/lib/jvm/java-8-oracle/jre/lib/amd64/server/libjvm.so
7f25f1fb1000-7f25f1ffc000 rw-p 00000000 00:00 0 
7f25f1ffc000-7f25f21b6000 r-xp 00000000 08:05 4851641                    /lib/x86_64-linux-gnu/libc-2.19.so
7f25f21b6000-7f25f23b6000 ---p 001ba000 08:05 4851641                    /lib/x86_64-linux-gnu/libc-2.19.so
7f25f23b6000-7f25f23ba000 r--p 001ba000 08:05 4851641                    /lib/x86_64-linux-gnu/libc-2.19.so
7f25f23ba000-7f25f23bc000 rw-p 001be000 08:05 4851641                    /lib/x86_64-linux-gnu/libc-2.19.so
7f25f23bc000-7f25f23c1000 rw-p 00000000 00:00 0 
7f25f23c1000-7f25f23c4000 r-xp 00000000 08:05 4851615                    /lib/x86_64-linux-gnu/libdl-2.19.so
7f25f23c4000-7f25f25c3000 ---p 00003000 08:05 4851615                    /lib/x86_64-linux-gnu/libdl-2.19.so
7f25f25c3000-7f25f25c4000 r--p 00002000 08:05 4851615                    /lib/x86_64-linux-gnu/libdl-2.19.so
7f25f25c4000-7f25f25c5000 rw-p 00003000 08:05 4851615                    /lib/x86_64-linux-gnu/libdl-2.19.so
7f25f25c5000-7f25f25da000 r-xp 00000000 08:05 10621363                   /usr/lib/jvm/java-8-oracle/lib/amd64/jli/libjli.so
7f25f25da000-7f25f27da000 ---p 00015000 08:05 10621363                   /usr/lib/jvm/java-8-oracle/lib/amd64/jli/libjli.so
7f25f27da000-7f25f27db000 rw-p 00015000 08:05 10621363                   /usr/lib/jvm/java-8-oracle/lib/amd64/jli/libjli.so
7f25f27db000-7f25f27f4000 r-xp 00000000 08:05 4851625                    /lib/x86_64-linux-gnu/libpthread-2.19.so
7f25f27f4000-7f25f29f3000 ---p 00019000 08:05 4851625                    /lib/x86_64-linux-gnu/libpthread-2.19.so
7f25f29f3000-7f25f29f4000 r--p 00018000 08:05 4851625                    /lib/x86_64-linux-gnu/libpthread-2.19.so
7f25f29f4000-7f25f29f5000 rw-p 00019000 08:05 4851625                    /lib/x86_64-linux-gnu/libpthread-2.19.so
7f25f29f5000-7f25f29f9000 rw-p 00000000 00:00 0 
7f25f29f9000-7f25f2a1c000 r-xp 00000000 08:05 4851627                    /lib/x86_64-linux-gnu/ld-2.19.so
7f25f2af5000-7f25f2af8000 ---p 00000000 00:00 0 
7f25f2af8000-7f25f2bfa000 rw-p 00000000 00:00 0 
7f25f2c0c000-7f25f2c0f000 rw-p 00000000 00:00 0 
7f25f2c0f000-7f25f2c17000 rw-s 00000000 08:05 15349885                   /tmp/hsperfdata_clinton/2694
7f25f2c17000-7f25f2c18000 rw-p 00000000 00:00 0 
7f25f2c18000-7f25f2c19000 r--p 00000000 00:00 0 
7f25f2c19000-7f25f2c1b000 rw-p 00000000 00:00 0 
7f25f2c1b000-7f25f2c1c000 r--p 00022000 08:05 4851627                    /lib/x86_64-linux-gnu/ld-2.19.so
7f25f2c1c000-7f25f2c1d000 rw-p 00023000 08:05 4851627                    /lib/x86_64-linux-gnu/ld-2.19.so
7f25f2c1d000-7f25f2c1e000 rw-p 00000000 00:00 0 
7ffde931b000-7ffde933c000 rw-p 00000000 00:00 0                          [stack]
7ffde93eb000-7ffde93ed000 r--p 00000000 00:00 0                          [vvar]
7ffde93ed000-7ffde93ef000 r-xp 00000000 00:00 0                          [vdso]
ffffffffff600000-ffffffffff601000 r-xp 00000000 00:00 0                  [vsyscall]

VM Arguments:
jvm_args: -Dbuild.listeners=org.jetbrains.groovy.grails.rt.GrailsIdeaTestListener -Denv=test -Dfull.stacktrace=false -Dgrails.env=test -Dgrails.full.stacktrace=false -Dinfo.app.grailsVersion=3.1.9 -Dinfo.app.name=hubbub -Dinfo.app.version=0.1 -Djava.security.manager=jarjar.org.gradle.process.internal.child.BootstrapSecurityManager -Drun.active=true -Dverbose=false -XX:+TieredCompilation -XX:TieredStopAtLevel=1 -XX:CICompilerCount=3 -Xms768m -Xmx768m -Dfile.encoding=UTF-8 -Duser.country=IN -Duser.language=en -Duser.variant -ea 
java_command: jarjar.org.gradle.process.internal.launcher.GradleWorkerMain 'Gradle Test Executor 1'
java_class_path (initial): /home/clinton/.gradle/caches/2.13/workerMain/gradle-worker.jar
Launcher Type: SUN_STANDARD

Environment Variables:
JAVA_HOME=/usr/lib/jvm/java-8-oracle
JRE_HOME=/usr/lib/jvm/java-8-oracle/jre
PATH=/home/clinton/.sdkman/candidates/groovy/current/bin:/home/clinton/.sdkman/candidates/grails/current/bin:/home/clinton/.local/share/umake/bin:/home/clinton/bin:/usr/local/sbin:/usr/local/bin:/usr/sbin:/usr/bin:/sbin:/bin:/usr/games:/usr/local/games:/usr/lib/jvm/java-8-oracle/bin:/usr/lib/jvm/java-8-oracle/db/bin:/usr/lib/jvm/java-8-oracle/jre/bin
LD_LIBRARY_PATH=/opt/idea-IU-162.1121.32/bin:
SHELL=/bin/bash
DISPLAY=:0

Signal Handlers:
SIGSEGV: [libjvm.so+0xabca10], sa_mask[0]=11111111011111111101111111111110, sa_flags=SA_RESTART|SA_SIGINFO
SIGBUS: [libjvm.so+0xabca10], sa_mask[0]=11111111011111111101111111111110, sa_flags=SA_RESTART|SA_SIGINFO
SIGFPE: [libjvm.so+0x919a20], sa_mask[0]=11111111011111111101111111111110, sa_flags=SA_RESTART|SA_SIGINFO
SIGPIPE: [libjvm.so+0x919a20], sa_mask[0]=11111111011111111101111111111110, sa_flags=SA_RESTART|SA_SIGINFO
SIGXFSZ: [libjvm.so+0x919a20], sa_mask[0]=11111111011111111101111111111110, sa_flags=SA_RESTART|SA_SIGINFO
SIGILL: [libjvm.so+0x919a20], sa_mask[0]=11111111011111111101111111111110, sa_flags=SA_RESTART|SA_SIGINFO
SIGUSR1: SIG_DFL, sa_mask[0]=00000000000000000000000000000000, sa_flags=none
SIGUSR2: [libjvm.so+0x91b050], sa_mask[0]=00100000000000000000000000000000, sa_flags=SA_RESTART|SA_SIGINFO
SIGHUP: SIG_DFL, sa_mask[0]=00000000000000000000000000000000, sa_flags=none
SIGINT: SIG_DFL, sa_mask[0]=00000000000000000000000000000000, sa_flags=none
SIGTERM: SIG_DFL, sa_mask[0]=00000000000000000000000000000000, sa_flags=none
SIGQUIT: SIG_DFL, sa_mask[0]=00000000000000000000000000000000, sa_flags=none


---------------  S Y S T E M  ---------------

OS:DISTRIB_ID=Ubuntu
DISTRIB_RELEASE=14.04
DISTRIB_CODENAME=trusty
DISTRIB_DESCRIPTION="Ubuntu 14.04.4 LTS"

uname:Linux 4.2.0-41-generic #48~14.04.1-Ubuntu SMP Fri Jun 24 17:09:15 UTC 2016 x86_64
libc:glibc 2.19 NPTL 2.19 
rlimit: STACK 8192k, CORE 0k, NPROC 27273, NOFILE 4096, AS infinity
load average:1.58 1.43 1.34

/proc/meminfo:
MemTotal:        7065056 kB
MemFree:          144168 kB
MemAvailable:     184992 kB
Buffers:            3760 kB
Cached:           204928 kB
SwapCached:            0 kB
Active:          6464676 kB
Inactive:         128544 kB
Active(anon):    6386312 kB
Inactive(anon):    55256 kB
Active(file):      78364 kB
Inactive(file):    73288 kB
Unevictable:         340 kB
Mlocked:             340 kB
SwapTotal:             0 kB
SwapFree:              0 kB
Dirty:              2200 kB
Writeback:             0 kB
AnonPages:       6384996 kB
Mapped:           117952 kB
Shmem:             57004 kB
Slab:             173292 kB
SReclaimable:      98936 kB
SUnreclaim:        74356 kB
KernelStack:       12576 kB
PageTables:        47652 kB
NFS_Unstable:          0 kB
Bounce:                0 kB
WritebackTmp:          0 kB
CommitLimit:     3532528 kB
Committed_AS:   11598496 kB
VmallocTotal:   34359738367 kB
VmallocUsed:      115312 kB
VmallocChunk:   34359537660 kB
HardwareCorrupted:     0 kB
AnonHugePages:   1648640 kB
CmaTotal:              0 kB
CmaFree:               0 kB
HugePages_Total:       0
HugePages_Free:        0
HugePages_Rsvd:        0
HugePages_Surp:        0
Hugepagesize:       2048 kB
DirectMap4k:     1432880 kB
DirectMap2M:     5828608 kB
DirectMap1G:     1048576 kB


CPU:total 4 (4 cores per cpu, 1 threads per core) family 22 model 48 stepping 1, cmov, cx8, fxsr, mmx, sse, sse2, sse3, ssse3, sse4.1, sse4.2, popcnt, avx, aes, clmul, mmxext, 3dnowpref, lzcnt, sse4a, tsc, tscinvbit, tscinv, bmi1

/proc/cpuinfo:
processor	: 0
vendor_id	: AuthenticAMD
cpu family	: 22
model		: 48
model name	: AMD A6-7310 APU with AMD Radeon R4 Graphics
stepping	: 1
microcode	: 0x7030105
cpu MHz		: 1000.000
cache size	: 2048 KB
physical id	: 0
siblings	: 4
core id		: 0
cpu cores	: 4
apicid		: 0
initial apicid	: 0
fpu		: yes
fpu_exception	: yes
cpuid level	: 13
wp		: yes
flags		: fpu vme de pse tsc msr pae mce cx8 apic sep mtrr pge mca cmov pat pse36 clflush mmx fxsr sse sse2 ht syscall nx mmxext fxsr_opt pdpe1gb rdtscp lm constant_tsc rep_good nopl nonstop_tsc extd_apicid aperfmperf eagerfpu pni pclmulqdq monitor ssse3 cx16 sse4_1 sse4_2 movbe popcnt aes xsave avx f16c rdrand lahf_lm cmp_legacy svm extapic cr8_legacy abm sse4a misalignsse 3dnowprefetch osvw ibs skinit wdt topoext perfctr_nb bpext perfctr_l2 arat cpb hw_pstate npt lbrv svm_lock nrip_save tsc_scale flushbyasid decodeassists pausefilter pfthreshold vmmcall bmi1 xsaveopt
bugs		: fxsave_leak sysret_ss_attrs
bogomips	: 3992.72
TLB size	: 1024 4K pages
clflush size	: 64
cache_alignment	: 64
address sizes	: 40 bits physical, 48 bits virtual
power management: ts ttp tm 100mhzsteps hwpstate cpb [12] [13]

processor	: 1
vendor_id	: AuthenticAMD
cpu family	: 22
model		: 48
model name	: AMD A6-7310 APU with AMD Radeon R4 Graphics
stepping	: 1
microcode	: 0x7030105
cpu MHz		: 2000.000
cache size	: 2048 KB
physical id	: 0
siblings	: 4
core id		: 1
cpu cores	: 4
apicid		: 1
initial apicid	: 1
fpu		: yes
fpu_exception	: yes
cpuid level	: 13
wp		: yes
flags		: fpu vme de pse tsc msr pae mce cx8 apic sep mtrr pge mca cmov pat pse36 clflush mmx fxsr sse sse2 ht syscall nx mmxext fxsr_opt pdpe1gb rdtscp lm constant_tsc rep_good nopl nonstop_tsc extd_apicid aperfmperf eagerfpu pni pclmulqdq monitor ssse3 cx16 sse4_1 sse4_2 movbe popcnt aes xsave avx f16c rdrand lahf_lm cmp_legacy svm extapic cr8_legacy abm sse4a misalignsse 3dnowprefetch osvw ibs skinit wdt topoext perfctr_nb bpext perfctr_l2 arat cpb hw_pstate npt lbrv svm_lock nrip_save tsc_scale flushbyasid decodeassists pausefilter pfthreshold vmmcall bmi1 xsaveopt
bugs		: fxsave_leak sysret_ss_attrs
bogomips	: 3992.72
TLB size	: 1024 4K pages
clflush size	: 64
cache_alignment	: 64
address sizes	: 40 bits physical, 48 bits virtual
power management: ts ttp tm 100mhzsteps hwpstate cpb [12] [13]

processor	: 2
vendor_id	: AuthenticAMD
cpu family	: 22
model		: 48
model name	: AMD A6-7310 APU with AMD Radeon R4 Graphics
stepping	: 1
microcode	: 0x7030105
cpu MHz		: 2000.000
cache size	: 2048 KB
physical id	: 0
siblings	: 4
core id		: 2
cpu cores	: 4
apicid		: 2
initial apicid	: 2
fpu		: yes
fpu_exception	: yes
cpuid level	: 13
wp		: yes
flags		: fpu vme de pse tsc msr pae mce cx8 apic sep mtrr pge mca cmov pat pse36 clflush mmx fxsr sse sse2 ht syscall nx mmxext fxsr_opt pdpe1gb rdtscp lm constant_tsc rep_good nopl nonstop_tsc extd_apicid aperfmperf eagerfpu pni pclmulqdq monitor ssse3 cx16 sse4_1 sse4_2 movbe popcnt aes xsave avx f16c rdrand lahf_lm cmp_legacy svm extapic cr8_legacy abm sse4a misalignsse 3dnowprefetch osvw ibs skinit wdt topoext perfctr_nb bpext perfctr_l2 arat cpb hw_pstate npt lbrv svm_lock nrip_save tsc_scale flushbyasid decodeassists pausefilter pfthreshold vmmcall bmi1 xsaveopt
bugs		: fxsave_leak sysret_ss_attrs
bogomips	: 3992.72
TLB size	: 1024 4K pages
clflush size	: 64
cache_alignment	: 64
address sizes	: 40 bits physical, 48 bits virtual
power management: ts ttp tm 100mhzsteps hwpstate cpb [12] [13]

processor	: 3
vendor_id	: AuthenticAMD
cpu family	: 22
model		: 48
model name	: AMD A6-7310 APU with AMD Radeon R4 Graphics
stepping	: 1
microcode	: 0x7030105
cpu MHz		: 1400.000
cache size	: 2048 KB
physical id	: 0
siblings	: 4
core id		: 3
cpu cores	: 4
apicid		: 3
initial apicid	: 3
fpu		: yes
fpu_exception	: yes
cpuid level	: 13
wp		: yes
flags		: fpu vme de pse tsc msr pae mce cx8 apic sep mtrr pge mca cmov pat pse36 clflush mmx fxsr sse sse2 ht syscall nx mmxext fxsr_opt pdpe1gb rdtscp lm constant_tsc rep_good nopl nonstop_tsc extd_apicid aperfmperf eagerfpu pni pclmulqdq monitor ssse3 cx16 sse4_1 sse4_2 movbe popcnt aes xsave avx f16c rdrand lahf_lm cmp_legacy svm extapic cr8_legacy abm sse4a misalignsse 3dnowprefetch osvw ibs skinit wdt topoext perfctr_nb bpext perfctr_l2 arat cpb hw_pstate npt lbrv svm_lock nrip_save tsc_scale flushbyasid decodeassists pausefilter pfthreshold vmmcall bmi1 xsaveopt
bugs		: fxsave_leak sysret_ss_attrs
bogomips	: 3992.72
TLB size	: 1024 4K pages
clflush size	: 64
cache_alignment	: 64
address sizes	: 40 bits physical, 48 bits virtual
power management: ts ttp tm 100mhzsteps hwpstate cpb [12] [13]



Memory: 4k page, physical 7065056k(144168k free), swap 0k(0k free)

vm_info: Java HotSpot(TM) 64-Bit Server VM (25.91-b14) for linux-amd64 JRE (1.8.0_91-b14), built on Apr  1 2016 00:57:21 by "java_re" with gcc 4.3.0 20080428 (Red Hat 4.3.0-8)

time: Thu Jul 14 00:13:31 2016
elapsed time: 0 seconds (0d 0h 0m 0s)

