#
# There is insufficient memory for the Java Runtime Environment to continue.
# Native memory allocation (mmap) failed to map 536870912 bytes for committing reserved memory.
# Possible reasons:
#   The system is out of physical RAM or swap space
#   In 32 bit mode, the process size limit was hit
# Possible solutions:
#   Reduce memory load on the system
#   Increase physical memory or swap space
#   Check if swap backing store is full
#   Use 64 bit Java on a 64 bit OS
#   Decrease Java heap size (-Xmx/-Xms)
#   Decrease number of Java threads
#   Decrease Java thread stack sizes (-Xss)
#   Set larger code cache with -XX:ReservedCodeCacheSize=
# This output file may be truncated or incomplete.
#
#  Out of Memory Error (os_linux.cpp:2627), pid=32518, tid=0x00007f406e238700
#
# JRE version:  (8.0_101-b13) (build )
# Java VM: Java HotSpot(TM) 64-Bit Server VM (25.101-b13 mixed mode linux-amd64 compressed oops)
# Failed to write core dump. Core dumps have been disabled. To enable core dumping, try "ulimit -c unlimited" before starting Java again
#

---------------  T H R E A D  ---------------

Current thread (0x00007f406800a800):  JavaThread "Unknown thread" [_thread_in_vm, id=32520, stack(0x00007f406e138000,0x00007f406e239000)]

Stack: [0x00007f406e138000,0x00007f406e239000],  sp=0x00007f406e2373c0,  free space=1020k
Native frames: (J=compiled Java code, j=interpreted, Vv=VM code, C=native code)
V  [libjvm.so+0xac3f0a]  VMError::report_and_die()+0x2ba
V  [libjvm.so+0x4fbf9b]  report_vm_out_of_memory(char const*, int, unsigned long, VMErrorType, char const*)+0x8b
V  [libjvm.so+0x9222d3]  os::Linux::commit_memory_impl(char*, unsigned long, bool)+0x103
V  [libjvm.so+0x922829]  os::pd_commit_memory(char*, unsigned long, unsigned long, bool)+0x29
V  [libjvm.so+0x91cb2a]  os::commit_memory(char*, unsigned long, unsigned long, bool)+0x2a
V  [libjvm.so+0x991053]  PSVirtualSpace::expand_by(unsigned long)+0x53
V  [libjvm.so+0x981177]  PSOldGen::initialize(ReservedSpace, unsigned long, char const*, int)+0xb7
V  [libjvm.so+0x2d884a]  AdjoiningGenerations::AdjoiningGenerations(ReservedSpace, GenerationSizer*, unsigned long)+0x39a
V  [libjvm.so+0x945686]  ParallelScavengeHeap::initialize()+0x1d6
V  [libjvm.so+0xa8c753]  Universe::initialize_heap()+0xf3
V  [libjvm.so+0xa8c99e]  universe_init()+0x3e
V  [libjvm.so+0x63bdf5]  init_globals()+0x65
V  [libjvm.so+0xa70bfe]  Threads::create_vm(JavaVMInitArgs*, bool*)+0x23e
V  [libjvm.so+0x6d08f4]  JNI_CreateJavaVM+0x74
C  [libjli.so+0x745e]  JavaMain+0x9e
C  [libpthread.so.0+0x76fa]  start_thread+0xca


---------------  P R O C E S S  ---------------

Java Threads: ( => current thread )

Other Threads:

=>0x00007f406800a800 (exited) JavaThread "Unknown thread" [_thread_in_vm, id=32520, stack(0x00007f406e138000,0x00007f406e239000)]

VM state:not at safepoint (not fully initialized)

VM Mutex/Monitor currently owned by a thread: None

GC Heap History (0 events):
No events

Deoptimization events (0 events):
No events

Internal exceptions (0 events):
No events

Events (0 events):
No events


Dynamic libraries:
00400000-00401000 r-xp 00000000 08:05 10489601                           /usr/lib/jvm/java-8-oracle/bin/java
00600000-00601000 rw-p 00000000 08:05 10489601                           /usr/lib/jvm/java-8-oracle/bin/java
00a1f000-00a40000 rw-p 00000000 00:00 0                                  [heap]
f0000000-100000000 rw-p 00000000 00:00 0 
7f4057a92000-7f4057c29000 rw-p 00000000 00:00 0 
7f4057c29000-7f4057d29000 ---p 00000000 00:00 0 
7f4057d29000-7f4057db4000 rw-p 00000000 00:00 0 
7f4057db4000-7f405816a000 ---p 00000000 00:00 0 
7f405816a000-7f40583da000 rwxp 00000000 00:00 0 
7f40583da000-7f406716a000 ---p 00000000 00:00 0 
7f406716a000-7f4067184000 r-xp 00000000 08:05 10358052                   /usr/lib/jvm/java-8-oracle/jre/lib/amd64/libzip.so
7f4067184000-7f4067384000 ---p 0001a000 08:05 10358052                   /usr/lib/jvm/java-8-oracle/jre/lib/amd64/libzip.so
7f4067384000-7f4067385000 rw-p 0001a000 08:05 10358052                   /usr/lib/jvm/java-8-oracle/jre/lib/amd64/libzip.so
7f4067385000-7f4067390000 r-xp 00000000 08:05 4851579                    /lib/x86_64-linux-gnu/libnss_files-2.23.so
7f4067390000-7f406758f000 ---p 0000b000 08:05 4851579                    /lib/x86_64-linux-gnu/libnss_files-2.23.so
7f406758f000-7f4067590000 r--p 0000a000 08:05 4851579                    /lib/x86_64-linux-gnu/libnss_files-2.23.so
7f4067590000-7f4067591000 rw-p 0000b000 08:05 4851579                    /lib/x86_64-linux-gnu/libnss_files-2.23.so
7f4067591000-7f4067597000 rw-p 00000000 00:00 0 
7f4067597000-7f40675a2000 r-xp 00000000 08:05 4851547                    /lib/x86_64-linux-gnu/libnss_nis-2.23.so
7f40675a2000-7f40677a1000 ---p 0000b000 08:05 4851547                    /lib/x86_64-linux-gnu/libnss_nis-2.23.so
7f40677a1000-7f40677a2000 r--p 0000a000 08:05 4851547                    /lib/x86_64-linux-gnu/libnss_nis-2.23.so
7f40677a2000-7f40677a3000 rw-p 0000b000 08:05 4851547                    /lib/x86_64-linux-gnu/libnss_nis-2.23.so
7f40677a3000-7f40677b9000 r-xp 00000000 08:05 4851544                    /lib/x86_64-linux-gnu/libnsl-2.23.so
7f40677b9000-7f40679b8000 ---p 00016000 08:05 4851544                    /lib/x86_64-linux-gnu/libnsl-2.23.so
7f40679b8000-7f40679b9000 r--p 00015000 08:05 4851544                    /lib/x86_64-linux-gnu/libnsl-2.23.so
7f40679b9000-7f40679ba000 rw-p 00016000 08:05 4851544                    /lib/x86_64-linux-gnu/libnsl-2.23.so
7f40679ba000-7f40679bc000 rw-p 00000000 00:00 0 
7f40679bc000-7f40679c4000 r-xp 00000000 08:05 4851542                    /lib/x86_64-linux-gnu/libnss_compat-2.23.so
7f40679c4000-7f4067bc3000 ---p 00008000 08:05 4851542                    /lib/x86_64-linux-gnu/libnss_compat-2.23.so
7f4067bc3000-7f4067bc4000 r--p 00007000 08:05 4851542                    /lib/x86_64-linux-gnu/libnss_compat-2.23.so
7f4067bc4000-7f4067bc5000 rw-p 00008000 08:05 4851542                    /lib/x86_64-linux-gnu/libnss_compat-2.23.so
7f4067bc5000-7f4067bef000 r-xp 00000000 08:05 10358020                   /usr/lib/jvm/java-8-oracle/jre/lib/amd64/libjava.so
7f4067bef000-7f4067def000 ---p 0002a000 08:05 10358020                   /usr/lib/jvm/java-8-oracle/jre/lib/amd64/libjava.so
7f4067def000-7f4067df1000 rw-p 0002a000 08:05 10358020                   /usr/lib/jvm/java-8-oracle/jre/lib/amd64/libjava.so
7f4067df1000-7f4067dfe000 r-xp 00000000 08:05 10358028                   /usr/lib/jvm/java-8-oracle/jre/lib/amd64/libverify.so
7f4067dfe000-7f4067ffe000 ---p 0000d000 08:05 10358028                   /usr/lib/jvm/java-8-oracle/jre/lib/amd64/libverify.so
7f4067ffe000-7f4068000000 rw-p 0000d000 08:05 10358028                   /usr/lib/jvm/java-8-oracle/jre/lib/amd64/libverify.so
7f4068000000-7f4068035000 rw-p 00000000 00:00 0 
7f4068035000-7f406c000000 ---p 00000000 00:00 0 
7f406c04f000-7f406c13f000 rw-p 00000000 00:00 0 
7f406c13f000-7f406c146000 r-xp 00000000 08:05 4851632                    /lib/x86_64-linux-gnu/librt-2.23.so
7f406c146000-7f406c345000 ---p 00007000 08:05 4851632                    /lib/x86_64-linux-gnu/librt-2.23.so
7f406c345000-7f406c346000 r--p 00006000 08:05 4851632                    /lib/x86_64-linux-gnu/librt-2.23.so
7f406c346000-7f406c347000 rw-p 00007000 08:05 4851632                    /lib/x86_64-linux-gnu/librt-2.23.so
7f406c347000-7f406c44f000 r-xp 00000000 08:05 4851626                    /lib/x86_64-linux-gnu/libm-2.23.so
7f406c44f000-7f406c64e000 ---p 00108000 08:05 4851626                    /lib/x86_64-linux-gnu/libm-2.23.so
7f406c64e000-7f406c64f000 r--p 00107000 08:05 4851626                    /lib/x86_64-linux-gnu/libm-2.23.so
7f406c64f000-7f406c650000 rw-p 00108000 08:05 4851626                    /lib/x86_64-linux-gnu/libm-2.23.so
7f406c650000-7f406d31b000 r-xp 00000000 08:05 10358058                   /usr/lib/jvm/java-8-oracle/jre/lib/amd64/server/libjvm.so
7f406d31b000-7f406d51a000 ---p 00ccb000 08:05 10358058                   /usr/lib/jvm/java-8-oracle/jre/lib/amd64/server/libjvm.so
7f406d51a000-7f406d5f3000 rw-p 00cca000 08:05 10358058                   /usr/lib/jvm/java-8-oracle/jre/lib/amd64/server/libjvm.so
7f406d5f3000-7f406d63e000 rw-p 00000000 00:00 0 
7f406d63e000-7f406d7fe000 r-xp 00000000 08:05 4851648                    /lib/x86_64-linux-gnu/libc-2.23.so
7f406d7fe000-7f406d9fd000 ---p 001c0000 08:05 4851648                    /lib/x86_64-linux-gnu/libc-2.23.so
7f406d9fd000-7f406da01000 r--p 001bf000 08:05 4851648                    /lib/x86_64-linux-gnu/libc-2.23.so
7f406da01000-7f406da03000 rw-p 001c3000 08:05 4851648                    /lib/x86_64-linux-gnu/libc-2.23.so
7f406da03000-7f406da07000 rw-p 00000000 00:00 0 
7f406da07000-7f406da0a000 r-xp 00000000 08:05 4851650                    /lib/x86_64-linux-gnu/libdl-2.23.so
7f406da0a000-7f406dc09000 ---p 00003000 08:05 4851650                    /lib/x86_64-linux-gnu/libdl-2.23.so
7f406dc09000-7f406dc0a000 r--p 00002000 08:05 4851650                    /lib/x86_64-linux-gnu/libdl-2.23.so
7f406dc0a000-7f406dc0b000 rw-p 00003000 08:05 4851650                    /lib/x86_64-linux-gnu/libdl-2.23.so
7f406dc0b000-7f406dc20000 r-xp 00000000 08:05 10621341                   /usr/lib/jvm/java-8-oracle/lib/amd64/jli/libjli.so
7f406dc20000-7f406de20000 ---p 00015000 08:05 10621341                   /usr/lib/jvm/java-8-oracle/lib/amd64/jli/libjli.so
7f406de20000-7f406de21000 rw-p 00015000 08:05 10621341                   /usr/lib/jvm/java-8-oracle/lib/amd64/jli/libjli.so
7f406de21000-7f406de39000 r-xp 00000000 08:05 4851640                    /lib/x86_64-linux-gnu/libpthread-2.23.so
7f406de39000-7f406e038000 ---p 00018000 08:05 4851640                    /lib/x86_64-linux-gnu/libpthread-2.23.so
7f406e038000-7f406e039000 r--p 00017000 08:05 4851640                    /lib/x86_64-linux-gnu/libpthread-2.23.so
7f406e039000-7f406e03a000 rw-p 00018000 08:05 4851640                    /lib/x86_64-linux-gnu/libpthread-2.23.so
7f406e03a000-7f406e03e000 rw-p 00000000 00:00 0 
7f406e03e000-7f406e064000 r-xp 00000000 08:05 4851634                    /lib/x86_64-linux-gnu/ld-2.23.so
7f406e138000-7f406e13b000 ---p 00000000 00:00 0 
7f406e13b000-7f406e23d000 rw-p 00000000 00:00 0 
7f406e257000-7f406e25f000 rw-s 00000000 08:05 14953447                   /tmp/hsperfdata_clinton/32518
7f406e25f000-7f406e260000 rw-p 00000000 00:00 0 
7f406e260000-7f406e261000 r--p 00000000 00:00 0 
7f406e261000-7f406e263000 rw-p 00000000 00:00 0 
7f406e263000-7f406e264000 r--p 00025000 08:05 4851634                    /lib/x86_64-linux-gnu/ld-2.23.so
7f406e264000-7f406e265000 rw-p 00026000 08:05 4851634                    /lib/x86_64-linux-gnu/ld-2.23.so
7f406e265000-7f406e266000 rw-p 00000000 00:00 0 
7fff4ef4f000-7fff4ef70000 rw-p 00000000 00:00 0                          [stack]
7fff4efa0000-7fff4efa2000 r--p 00000000 00:00 0                          [vvar]
7fff4efa2000-7fff4efa4000 r-xp 00000000 00:00 0                          [vdso]
ffffffffff600000-ffffffffff601000 r-xp 00000000 00:00 0                  [vsyscall]

VM Arguments:
jvm_args: -Denv=test -Dfull.stacktrace=false -Dgrails.env=test -Dgrails.full.stacktrace=false -Dinfo.app.grailsVersion=3.1.9 -Dinfo.app.name=hubbub -Dinfo.app.version=0.1 -Dinteractive.mode.enabled=true -Djava.security.manager=jarjar.org.gradle.process.internal.child.BootstrapSecurityManager -Drun.active=true -Dverbose=false -XX:+TieredCompilation -XX:TieredStopAtLevel=1 -XX:CICompilerCount=3 -Xms768m -Xmx768m -Dfile.encoding=UTF-8 -Duser.country=IN -Duser.language=en -Duser.variant -ea 
java_command: jarjar.org.gradle.process.internal.launcher.GradleWorkerMain 'Gradle Test Executor 7'
java_class_path (initial): /home/clinton/.gradle/caches/2.13/workerMain/gradle-worker.jar
Launcher Type: SUN_STANDARD

Environment Variables:
JAVA_HOME=/usr/lib/jvm/java-8-oracle
JRE_HOME=/usr/lib/jvm/java-8-oracle/jre
PATH=/home/clinton/.npm-global/bin:/home/clinton/.sdkman/candidates/groovy/current/bin:/home/clinton/.sdkman/candidates/grails/current/bin:/home/clinton/.sdkman/candidates/gradle/current/bin:/home/clinton/.local/share/umake/bin:/home/clinton/bin:/usr/local/sbin:/usr/local/bin:/usr/sbin:/usr/bin:/sbin:/bin:/usr/games:/usr/local/games:/snap/bin:/usr/lib/jvm/java-8-oracle/bin:/usr/lib/jvm/java-8-oracle/db/bin:/usr/lib/jvm/java-8-oracle/jre/bin:/snap/bin:/usr/lib/jvm/java-8-oracle/bin:/usr/lib/jvm/java-8-oracle/db/bin:/usr/lib/jvm/java-8-oracle/jre/bin
LD_LIBRARY_PATH=/opt/idea-IU-162.1121.32/bin:
SHELL=/bin/bash
DISPLAY=:0

Signal Handlers:
SIGSEGV: [libjvm.so+0xac4790], sa_mask[0]=11111111011111111101111111111110, sa_flags=SA_RESTART|SA_SIGINFO
SIGBUS: [libjvm.so+0xac4790], sa_mask[0]=11111111011111111101111111111110, sa_flags=SA_RESTART|SA_SIGINFO
SIGFPE: [libjvm.so+0x91f140], sa_mask[0]=11111111011111111101111111111110, sa_flags=SA_RESTART|SA_SIGINFO
SIGPIPE: [libjvm.so+0x91f140], sa_mask[0]=11111111011111111101111111111110, sa_flags=SA_RESTART|SA_SIGINFO
SIGXFSZ: [libjvm.so+0x91f140], sa_mask[0]=11111111011111111101111111111110, sa_flags=SA_RESTART|SA_SIGINFO
SIGILL: [libjvm.so+0x91f140], sa_mask[0]=11111111011111111101111111111110, sa_flags=SA_RESTART|SA_SIGINFO
SIGUSR1: SIG_DFL, sa_mask[0]=00000000000000000000000000000000, sa_flags=none
SIGUSR2: [libjvm.so+0x920770], sa_mask[0]=00100000000000000000000000000000, sa_flags=SA_RESTART|SA_SIGINFO
SIGHUP: SIG_DFL, sa_mask[0]=00000000000000000000000000000000, sa_flags=none
SIGINT: SIG_DFL, sa_mask[0]=00000000000000000000000000000000, sa_flags=none
SIGTERM: SIG_DFL, sa_mask[0]=00000000000000000000000000000000, sa_flags=none
SIGQUIT: SIG_DFL, sa_mask[0]=00000000000000000000000000000000, sa_flags=none


---------------  S Y S T E M  ---------------

OS:DISTRIB_ID=Ubuntu
DISTRIB_RELEASE=16.04
DISTRIB_CODENAME=xenial
DISTRIB_DESCRIPTION="Ubuntu 16.04.1 LTS"

uname:Linux 4.4.0-31-generic #50-Ubuntu SMP Wed Jul 13 00:07:12 UTC 2016 x86_64
libc:glibc 2.23 NPTL 2.23 
rlimit: STACK 8192k, CORE 0k, NPROC 27243, NOFILE 65536, AS infinity
load average:0.99 1.21 1.26

/proc/meminfo:
MemTotal:        7064480 kB
MemFree:          140784 kB
MemAvailable:     376152 kB
Buffers:           19384 kB
Cached:           457192 kB
SwapCached:            0 kB
Active:          6197952 kB
Inactive:         246412 kB
Active(anon):    5970960 kB
Inactive(anon):    54484 kB
Active(file):     226992 kB
Inactive(file):   191928 kB
Unevictable:         288 kB
Mlocked:             288 kB
SwapTotal:             0 kB
SwapFree:              0 kB
Dirty:               848 kB
Writeback:             0 kB
AnonPages:       5968124 kB
Mapped:           161784 kB
Shmem:             57700 kB
Slab:             141796 kB
SReclaimable:      71740 kB
SUnreclaim:        70056 kB
KernelStack:       12752 kB
PageTables:        47352 kB
NFS_Unstable:          0 kB
Bounce:                0 kB
WritebackTmp:          0 kB
CommitLimit:     3532240 kB
Committed_AS:   10858408 kB
VmallocTotal:   34359738367 kB
VmallocUsed:           0 kB
VmallocChunk:          0 kB
HardwareCorrupted:     0 kB
AnonHugePages:   3014656 kB
CmaTotal:              0 kB
CmaFree:               0 kB
HugePages_Total:       0
HugePages_Free:        0
HugePages_Rsvd:        0
HugePages_Surp:        0
Hugepagesize:       2048 kB
DirectMap4k:      939312 kB
DirectMap2M:     6322176 kB
DirectMap1G:     1048576 kB


CPU:total 4 (4 cores per cpu, 1 threads per core) family 22 model 48 stepping 1, cmov, cx8, fxsr, mmx, sse, sse2, sse3, ssse3, sse4.1, sse4.2, popcnt, avx, aes, clmul, mmxext, 3dnowpref, lzcnt, sse4a, tsc, tscinvbit, tscinv, bmi1

/proc/cpuinfo:
processor	: 0
vendor_id	: AuthenticAMD
cpu family	: 22
model		: 48
model name	: AMD A6-7310 APU with AMD Radeon R4 Graphics
stepping	: 1
microcode	: 0x7030105
cpu MHz		: 2000.000
cache size	: 2048 KB
physical id	: 0
siblings	: 4
core id		: 0
cpu cores	: 4
apicid		: 0
initial apicid	: 0
fpu		: yes
fpu_exception	: yes
cpuid level	: 13
wp		: yes
flags		: fpu vme de pse tsc msr pae mce cx8 apic sep mtrr pge mca cmov pat pse36 clflush mmx fxsr sse sse2 ht syscall nx mmxext fxsr_opt pdpe1gb rdtscp lm constant_tsc rep_good nopl nonstop_tsc extd_apicid aperfmperf eagerfpu pni pclmulqdq monitor ssse3 cx16 sse4_1 sse4_2 movbe popcnt aes xsave avx f16c rdrand lahf_lm cmp_legacy svm extapic cr8_legacy abm sse4a misalignsse 3dnowprefetch osvw ibs skinit wdt topoext perfctr_nb bpext perfctr_l2 cpb hw_pstate vmmcall bmi1 xsaveopt arat npt lbrv svm_lock nrip_save tsc_scale flushbyasid decodeassists pausefilter pfthreshold
bugs		: fxsave_leak sysret_ss_attrs
bogomips	: 3992.64
TLB size	: 1024 4K pages
clflush size	: 64
cache_alignment	: 64
address sizes	: 40 bits physical, 48 bits virtual
power management: ts ttp tm 100mhzsteps hwpstate cpb [12] [13]

processor	: 1
vendor_id	: AuthenticAMD
cpu family	: 22
model		: 48
model name	: AMD A6-7310 APU with AMD Radeon R4 Graphics
stepping	: 1
microcode	: 0x7030105
cpu MHz		: 1600.000
cache size	: 2048 KB
physical id	: 0
siblings	: 4
core id		: 1
cpu cores	: 4
apicid		: 1
initial apicid	: 1
fpu		: yes
fpu_exception	: yes
cpuid level	: 13
wp		: yes
flags		: fpu vme de pse tsc msr pae mce cx8 apic sep mtrr pge mca cmov pat pse36 clflush mmx fxsr sse sse2 ht syscall nx mmxext fxsr_opt pdpe1gb rdtscp lm constant_tsc rep_good nopl nonstop_tsc extd_apicid aperfmperf eagerfpu pni pclmulqdq monitor ssse3 cx16 sse4_1 sse4_2 movbe popcnt aes xsave avx f16c rdrand lahf_lm cmp_legacy svm extapic cr8_legacy abm sse4a misalignsse 3dnowprefetch osvw ibs skinit wdt topoext perfctr_nb bpext perfctr_l2 cpb hw_pstate vmmcall bmi1 xsaveopt arat npt lbrv svm_lock nrip_save tsc_scale flushbyasid decodeassists pausefilter pfthreshold
bugs		: fxsave_leak sysret_ss_attrs
bogomips	: 3992.64
TLB size	: 1024 4K pages
clflush size	: 64
cache_alignment	: 64
address sizes	: 40 bits physical, 48 bits virtual
power management: ts ttp tm 100mhzsteps hwpstate cpb [12] [13]

processor	: 2
vendor_id	: AuthenticAMD
cpu family	: 22
model		: 48
model name	: AMD A6-7310 APU with AMD Radeon R4 Graphics
stepping	: 1
microcode	: 0x7030105
cpu MHz		: 2000.000
cache size	: 2048 KB
physical id	: 0
siblings	: 4
core id		: 2
cpu cores	: 4
apicid		: 2
initial apicid	: 2
fpu		: yes
fpu_exception	: yes
cpuid level	: 13
wp		: yes
flags		: fpu vme de pse tsc msr pae mce cx8 apic sep mtrr pge mca cmov pat pse36 clflush mmx fxsr sse sse2 ht syscall nx mmxext fxsr_opt pdpe1gb rdtscp lm constant_tsc rep_good nopl nonstop_tsc extd_apicid aperfmperf eagerfpu pni pclmulqdq monitor ssse3 cx16 sse4_1 sse4_2 movbe popcnt aes xsave avx f16c rdrand lahf_lm cmp_legacy svm extapic cr8_legacy abm sse4a misalignsse 3dnowprefetch osvw ibs skinit wdt topoext perfctr_nb bpext perfctr_l2 cpb hw_pstate vmmcall bmi1 xsaveopt arat npt lbrv svm_lock nrip_save tsc_scale flushbyasid decodeassists pausefilter pfthreshold
bugs		: fxsave_leak sysret_ss_attrs
bogomips	: 3992.64
TLB size	: 1024 4K pages
clflush size	: 64
cache_alignment	: 64
address sizes	: 40 bits physical, 48 bits virtual
power management: ts ttp tm 100mhzsteps hwpstate cpb [12] [13]

processor	: 3
vendor_id	: AuthenticAMD
cpu family	: 22
model		: 48
model name	: AMD A6-7310 APU with AMD Radeon R4 Graphics
stepping	: 1
microcode	: 0x7030105
cpu MHz		: 2000.000
cache size	: 2048 KB
physical id	: 0
siblings	: 4
core id		: 3
cpu cores	: 4
apicid		: 3
initial apicid	: 3
fpu		: yes
fpu_exception	: yes
cpuid level	: 13
wp		: yes
flags		: fpu vme de pse tsc msr pae mce cx8 apic sep mtrr pge mca cmov pat pse36 clflush mmx fxsr sse sse2 ht syscall nx mmxext fxsr_opt pdpe1gb rdtscp lm constant_tsc rep_good nopl nonstop_tsc extd_apicid aperfmperf eagerfpu pni pclmulqdq monitor ssse3 cx16 sse4_1 sse4_2 movbe popcnt aes xsave avx f16c rdrand lahf_lm cmp_legacy svm extapic cr8_legacy abm sse4a misalignsse 3dnowprefetch osvw ibs skinit wdt topoext perfctr_nb bpext perfctr_l2 cpb hw_pstate vmmcall bmi1 xsaveopt arat npt lbrv svm_lock nrip_save tsc_scale flushbyasid decodeassists pausefilter pfthreshold
bugs		: fxsave_leak sysret_ss_attrs
bogomips	: 3992.64
TLB size	: 1024 4K pages
clflush size	: 64
cache_alignment	: 64
address sizes	: 40 bits physical, 48 bits virtual
power management: ts ttp tm 100mhzsteps hwpstate cpb [12] [13]



Memory: 4k page, physical 7064480k(140784k free), swap 0k(0k free)

vm_info: Java HotSpot(TM) 64-Bit Server VM (25.101-b13) for linux-amd64 JRE (1.8.0_101-b13), built on Jun 22 2016 02:59:44 by "java_re" with gcc 4.3.0 20080428 (Red Hat 4.3.0-8)

time: Tue Jul 26 21:53:40 2016
elapsed time: 0 seconds (0d 0h 0m 0s)

