#
# There is insufficient memory for the Java Runtime Environment to continue.
# Native memory allocation (mmap) failed to map 536870912 bytes for committing reserved memory.
# Possible reasons:
#   The system is out of physical RAM or swap space
#   In 32 bit mode, the process size limit was hit
# Possible solutions:
#   Reduce memory load on the system
#   Increase physical memory or swap space
#   Check if swap backing store is full
#   Use 64 bit Java on a 64 bit OS
#   Decrease Java heap size (-Xmx/-Xms)
#   Decrease number of Java threads
#   Decrease Java thread stack sizes (-Xss)
#   Set larger code cache with -XX:ReservedCodeCacheSize=
# This output file may be truncated or incomplete.
#
#  Out of Memory Error (os_linux.cpp:2627), pid=32526, tid=0x00007f5c51f11700
#
# JRE version:  (8.0_101-b13) (build )
# Java VM: Java HotSpot(TM) 64-Bit Server VM (25.101-b13 mixed mode linux-amd64 compressed oops)
# Failed to write core dump. Core dumps have been disabled. To enable core dumping, try "ulimit -c unlimited" before starting Java again
#

---------------  T H R E A D  ---------------

Current thread (0x00007f5c4c00a800):  JavaThread "Unknown thread" [_thread_in_vm, id=32528, stack(0x00007f5c51e11000,0x00007f5c51f12000)]

Stack: [0x00007f5c51e11000,0x00007f5c51f12000],  sp=0x00007f5c51f103c0,  free space=1020k
Native frames: (J=compiled Java code, j=interpreted, Vv=VM code, C=native code)
V  [libjvm.so+0xac3f0a]  VMError::report_and_die()+0x2ba
V  [libjvm.so+0x4fbf9b]  report_vm_out_of_memory(char const*, int, unsigned long, VMErrorType, char const*)+0x8b
V  [libjvm.so+0x9222d3]  os::Linux::commit_memory_impl(char*, unsigned long, bool)+0x103
V  [libjvm.so+0x922829]  os::pd_commit_memory(char*, unsigned long, unsigned long, bool)+0x29
V  [libjvm.so+0x91cb2a]  os::commit_memory(char*, unsigned long, unsigned long, bool)+0x2a
V  [libjvm.so+0x991053]  PSVirtualSpace::expand_by(unsigned long)+0x53
V  [libjvm.so+0x981177]  PSOldGen::initialize(ReservedSpace, unsigned long, char const*, int)+0xb7
V  [libjvm.so+0x2d884a]  AdjoiningGenerations::AdjoiningGenerations(ReservedSpace, GenerationSizer*, unsigned long)+0x39a
V  [libjvm.so+0x945686]  ParallelScavengeHeap::initialize()+0x1d6
V  [libjvm.so+0xa8c753]  Universe::initialize_heap()+0xf3
V  [libjvm.so+0xa8c99e]  universe_init()+0x3e
V  [libjvm.so+0x63bdf5]  init_globals()+0x65
V  [libjvm.so+0xa70bfe]  Threads::create_vm(JavaVMInitArgs*, bool*)+0x23e
V  [libjvm.so+0x6d08f4]  JNI_CreateJavaVM+0x74
C  [libjli.so+0x745e]  JavaMain+0x9e
C  [libpthread.so.0+0x76fa]  start_thread+0xca


---------------  P R O C E S S  ---------------

Java Threads: ( => current thread )

Other Threads:

=>0x00007f5c4c00a800 (exited) JavaThread "Unknown thread" [_thread_in_vm, id=32528, stack(0x00007f5c51e11000,0x00007f5c51f12000)]

VM state:not at safepoint (not fully initialized)

VM Mutex/Monitor currently owned by a thread: None

GC Heap History (0 events):
No events

Deoptimization events (0 events):
No events

Internal exceptions (0 events):
No events

Events (0 events):
No events


Dynamic libraries:
00400000-00401000 r-xp 00000000 08:05 10489601                           /usr/lib/jvm/java-8-oracle/bin/java
00600000-00601000 rw-p 00000000 08:05 10489601                           /usr/lib/jvm/java-8-oracle/bin/java
00b09000-00b2a000 rw-p 00000000 00:00 0                                  [heap]
f0000000-100000000 rw-p 00000000 00:00 0 
7f5c3b79a000-7f5c3ba21000 rw-p 00000000 00:00 0 
7f5c3ba21000-7f5c3bb21000 ---p 00000000 00:00 0 
7f5c3bb21000-7f5c3bbac000 rw-p 00000000 00:00 0 
7f5c3bbac000-7f5c3bf62000 ---p 00000000 00:00 0 
7f5c3bf62000-7f5c3c1d2000 rwxp 00000000 00:00 0 
7f5c3c1d2000-7f5c4af62000 ---p 00000000 00:00 0 
7f5c4af62000-7f5c4af7c000 r-xp 00000000 08:05 10358052                   /usr/lib/jvm/java-8-oracle/jre/lib/amd64/libzip.so
7f5c4af7c000-7f5c4b17c000 ---p 0001a000 08:05 10358052                   /usr/lib/jvm/java-8-oracle/jre/lib/amd64/libzip.so
7f5c4b17c000-7f5c4b17d000 rw-p 0001a000 08:05 10358052                   /usr/lib/jvm/java-8-oracle/jre/lib/amd64/libzip.so
7f5c4b17d000-7f5c4b188000 r-xp 00000000 08:05 4851579                    /lib/x86_64-linux-gnu/libnss_files-2.23.so
7f5c4b188000-7f5c4b387000 ---p 0000b000 08:05 4851579                    /lib/x86_64-linux-gnu/libnss_files-2.23.so
7f5c4b387000-7f5c4b388000 r--p 0000a000 08:05 4851579                    /lib/x86_64-linux-gnu/libnss_files-2.23.so
7f5c4b388000-7f5c4b389000 rw-p 0000b000 08:05 4851579                    /lib/x86_64-linux-gnu/libnss_files-2.23.so
7f5c4b389000-7f5c4b38f000 rw-p 00000000 00:00 0 
7f5c4b38f000-7f5c4b39a000 r-xp 00000000 08:05 4851547                    /lib/x86_64-linux-gnu/libnss_nis-2.23.so
7f5c4b39a000-7f5c4b599000 ---p 0000b000 08:05 4851547                    /lib/x86_64-linux-gnu/libnss_nis-2.23.so
7f5c4b599000-7f5c4b59a000 r--p 0000a000 08:05 4851547                    /lib/x86_64-linux-gnu/libnss_nis-2.23.so
7f5c4b59a000-7f5c4b59b000 rw-p 0000b000 08:05 4851547                    /lib/x86_64-linux-gnu/libnss_nis-2.23.so
7f5c4b59b000-7f5c4b5b1000 r-xp 00000000 08:05 4851544                    /lib/x86_64-linux-gnu/libnsl-2.23.so
7f5c4b5b1000-7f5c4b7b0000 ---p 00016000 08:05 4851544                    /lib/x86_64-linux-gnu/libnsl-2.23.so
7f5c4b7b0000-7f5c4b7b1000 r--p 00015000 08:05 4851544                    /lib/x86_64-linux-gnu/libnsl-2.23.so
7f5c4b7b1000-7f5c4b7b2000 rw-p 00016000 08:05 4851544                    /lib/x86_64-linux-gnu/libnsl-2.23.so
7f5c4b7b2000-7f5c4b7b4000 rw-p 00000000 00:00 0 
7f5c4b7b4000-7f5c4b7bc000 r-xp 00000000 08:05 4851542                    /lib/x86_64-linux-gnu/libnss_compat-2.23.so
7f5c4b7bc000-7f5c4b9bb000 ---p 00008000 08:05 4851542                    /lib/x86_64-linux-gnu/libnss_compat-2.23.so
7f5c4b9bb000-7f5c4b9bc000 r--p 00007000 08:05 4851542                    /lib/x86_64-linux-gnu/libnss_compat-2.23.so
7f5c4b9bc000-7f5c4b9bd000 rw-p 00008000 08:05 4851542                    /lib/x86_64-linux-gnu/libnss_compat-2.23.so
7f5c4b9bd000-7f5c4b9e7000 r-xp 00000000 08:05 10358020                   /usr/lib/jvm/java-8-oracle/jre/lib/amd64/libjava.so
7f5c4b9e7000-7f5c4bbe7000 ---p 0002a000 08:05 10358020                   /usr/lib/jvm/java-8-oracle/jre/lib/amd64/libjava.so
7f5c4bbe7000-7f5c4bbe9000 rw-p 0002a000 08:05 10358020                   /usr/lib/jvm/java-8-oracle/jre/lib/amd64/libjava.so
7f5c4bbe9000-7f5c4bbf6000 r-xp 00000000 08:05 10358028                   /usr/lib/jvm/java-8-oracle/jre/lib/amd64/libverify.so
7f5c4bbf6000-7f5c4bdf6000 ---p 0000d000 08:05 10358028                   /usr/lib/jvm/java-8-oracle/jre/lib/amd64/libverify.so
7f5c4bdf6000-7f5c4bdf8000 rw-p 0000d000 08:05 10358028                   /usr/lib/jvm/java-8-oracle/jre/lib/amd64/libverify.so
7f5c4bdf8000-7f5c4bdff000 r-xp 00000000 08:05 4851632                    /lib/x86_64-linux-gnu/librt-2.23.so
7f5c4bdff000-7f5c4bffe000 ---p 00007000 08:05 4851632                    /lib/x86_64-linux-gnu/librt-2.23.so
7f5c4bffe000-7f5c4bfff000 r--p 00006000 08:05 4851632                    /lib/x86_64-linux-gnu/librt-2.23.so
7f5c4bfff000-7f5c4c000000 rw-p 00007000 08:05 4851632                    /lib/x86_64-linux-gnu/librt-2.23.so
7f5c4c000000-7f5c4c035000 rw-p 00000000 00:00 0 
7f5c4c035000-7f5c50000000 ---p 00000000 00:00 0 
7f5c50020000-7f5c50128000 r-xp 00000000 08:05 4851626                    /lib/x86_64-linux-gnu/libm-2.23.so
7f5c50128000-7f5c50327000 ---p 00108000 08:05 4851626                    /lib/x86_64-linux-gnu/libm-2.23.so
7f5c50327000-7f5c50328000 r--p 00107000 08:05 4851626                    /lib/x86_64-linux-gnu/libm-2.23.so
7f5c50328000-7f5c50329000 rw-p 00108000 08:05 4851626                    /lib/x86_64-linux-gnu/libm-2.23.so
7f5c50329000-7f5c50ff4000 r-xp 00000000 08:05 10358058                   /usr/lib/jvm/java-8-oracle/jre/lib/amd64/server/libjvm.so
7f5c50ff4000-7f5c511f3000 ---p 00ccb000 08:05 10358058                   /usr/lib/jvm/java-8-oracle/jre/lib/amd64/server/libjvm.so
7f5c511f3000-7f5c512cc000 rw-p 00cca000 08:05 10358058                   /usr/lib/jvm/java-8-oracle/jre/lib/amd64/server/libjvm.so
7f5c512cc000-7f5c51317000 rw-p 00000000 00:00 0 
7f5c51317000-7f5c514d7000 r-xp 00000000 08:05 4851648                    /lib/x86_64-linux-gnu/libc-2.23.so
7f5c514d7000-7f5c516d6000 ---p 001c0000 08:05 4851648                    /lib/x86_64-linux-gnu/libc-2.23.so
7f5c516d6000-7f5c516da000 r--p 001bf000 08:05 4851648                    /lib/x86_64-linux-gnu/libc-2.23.so
7f5c516da000-7f5c516dc000 rw-p 001c3000 08:05 4851648                    /lib/x86_64-linux-gnu/libc-2.23.so
7f5c516dc000-7f5c516e0000 rw-p 00000000 00:00 0 
7f5c516e0000-7f5c516e3000 r-xp 00000000 08:05 4851650                    /lib/x86_64-linux-gnu/libdl-2.23.so
7f5c516e3000-7f5c518e2000 ---p 00003000 08:05 4851650                    /lib/x86_64-linux-gnu/libdl-2.23.so
7f5c518e2000-7f5c518e3000 r--p 00002000 08:05 4851650                    /lib/x86_64-linux-gnu/libdl-2.23.so
7f5c518e3000-7f5c518e4000 rw-p 00003000 08:05 4851650                    /lib/x86_64-linux-gnu/libdl-2.23.so
7f5c518e4000-7f5c518f9000 r-xp 00000000 08:05 10621341                   /usr/lib/jvm/java-8-oracle/lib/amd64/jli/libjli.so
7f5c518f9000-7f5c51af9000 ---p 00015000 08:05 10621341                   /usr/lib/jvm/java-8-oracle/lib/amd64/jli/libjli.so
7f5c51af9000-7f5c51afa000 rw-p 00015000 08:05 10621341                   /usr/lib/jvm/java-8-oracle/lib/amd64/jli/libjli.so
7f5c51afa000-7f5c51b12000 r-xp 00000000 08:05 4851640                    /lib/x86_64-linux-gnu/libpthread-2.23.so
7f5c51b12000-7f5c51d11000 ---p 00018000 08:05 4851640                    /lib/x86_64-linux-gnu/libpthread-2.23.so
7f5c51d11000-7f5c51d12000 r--p 00017000 08:05 4851640                    /lib/x86_64-linux-gnu/libpthread-2.23.so
7f5c51d12000-7f5c51d13000 rw-p 00018000 08:05 4851640                    /lib/x86_64-linux-gnu/libpthread-2.23.so
7f5c51d13000-7f5c51d17000 rw-p 00000000 00:00 0 
7f5c51d17000-7f5c51d3d000 r-xp 00000000 08:05 4851634                    /lib/x86_64-linux-gnu/ld-2.23.so
7f5c51e11000-7f5c51e14000 ---p 00000000 00:00 0 
7f5c51e14000-7f5c51f16000 rw-p 00000000 00:00 0 
7f5c51f30000-7f5c51f38000 rw-s 00000000 08:05 14953447                   /tmp/hsperfdata_clinton/32526
7f5c51f38000-7f5c51f39000 rw-p 00000000 00:00 0 
7f5c51f39000-7f5c51f3a000 r--p 00000000 00:00 0 
7f5c51f3a000-7f5c51f3c000 rw-p 00000000 00:00 0 
7f5c51f3c000-7f5c51f3d000 r--p 00025000 08:05 4851634                    /lib/x86_64-linux-gnu/ld-2.23.so
7f5c51f3d000-7f5c51f3e000 rw-p 00026000 08:05 4851634                    /lib/x86_64-linux-gnu/ld-2.23.so
7f5c51f3e000-7f5c51f3f000 rw-p 00000000 00:00 0 
7ffd423a1000-7ffd423c2000 rw-p 00000000 00:00 0                          [stack]
7ffd423d8000-7ffd423da000 r--p 00000000 00:00 0                          [vvar]
7ffd423da000-7ffd423dc000 r-xp 00000000 00:00 0                          [vdso]
ffffffffff600000-ffffffffff601000 r-xp 00000000 00:00 0                  [vsyscall]

VM Arguments:
jvm_args: -Denv=test -Dfull.stacktrace=false -Dgrails.env=test -Dgrails.full.stacktrace=false -Dinfo.app.grailsVersion=3.1.9 -Dinfo.app.name=hubbub -Dinfo.app.version=0.1 -Dinteractive.mode.enabled=true -Djava.security.manager=jarjar.org.gradle.process.internal.child.BootstrapSecurityManager -Drun.active=true -Dverbose=false -XX:+TieredCompilation -XX:TieredStopAtLevel=1 -XX:CICompilerCount=3 -Xms768m -Xmx768m -Dfile.encoding=UTF-8 -Duser.country=IN -Duser.language=en -Duser.variant -ea 
java_command: jarjar.org.gradle.process.internal.launcher.GradleWorkerMain 'Gradle Test Executor 8'
java_class_path (initial): /home/clinton/.gradle/caches/2.13/workerMain/gradle-worker.jar
Launcher Type: SUN_STANDARD

Environment Variables:
JAVA_HOME=/usr/lib/jvm/java-8-oracle
JRE_HOME=/usr/lib/jvm/java-8-oracle/jre
PATH=/home/clinton/.npm-global/bin:/home/clinton/.sdkman/candidates/groovy/current/bin:/home/clinton/.sdkman/candidates/grails/current/bin:/home/clinton/.sdkman/candidates/gradle/current/bin:/home/clinton/.local/share/umake/bin:/home/clinton/bin:/usr/local/sbin:/usr/local/bin:/usr/sbin:/usr/bin:/sbin:/bin:/usr/games:/usr/local/games:/snap/bin:/usr/lib/jvm/java-8-oracle/bin:/usr/lib/jvm/java-8-oracle/db/bin:/usr/lib/jvm/java-8-oracle/jre/bin:/snap/bin:/usr/lib/jvm/java-8-oracle/bin:/usr/lib/jvm/java-8-oracle/db/bin:/usr/lib/jvm/java-8-oracle/jre/bin
LD_LIBRARY_PATH=/opt/idea-IU-162.1121.32/bin:
SHELL=/bin/bash
DISPLAY=:0

Signal Handlers:
SIGSEGV: [libjvm.so+0xac4790], sa_mask[0]=11111111011111111101111111111110, sa_flags=SA_RESTART|SA_SIGINFO
SIGBUS: [libjvm.so+0xac4790], sa_mask[0]=11111111011111111101111111111110, sa_flags=SA_RESTART|SA_SIGINFO
SIGFPE: [libjvm.so+0x91f140], sa_mask[0]=11111111011111111101111111111110, sa_flags=SA_RESTART|SA_SIGINFO
SIGPIPE: [libjvm.so+0x91f140], sa_mask[0]=11111111011111111101111111111110, sa_flags=SA_RESTART|SA_SIGINFO
SIGXFSZ: [libjvm.so+0x91f140], sa_mask[0]=11111111011111111101111111111110, sa_flags=SA_RESTART|SA_SIGINFO
SIGILL: [libjvm.so+0x91f140], sa_mask[0]=11111111011111111101111111111110, sa_flags=SA_RESTART|SA_SIGINFO
SIGUSR1: SIG_DFL, sa_mask[0]=00000000000000000000000000000000, sa_flags=none
SIGUSR2: [libjvm.so+0x920770], sa_mask[0]=00100000000000000000000000000000, sa_flags=SA_RESTART|SA_SIGINFO
SIGHUP: SIG_DFL, sa_mask[0]=00000000000000000000000000000000, sa_flags=none
SIGINT: SIG_DFL, sa_mask[0]=00000000000000000000000000000000, sa_flags=none
SIGTERM: SIG_DFL, sa_mask[0]=00000000000000000000000000000000, sa_flags=none
SIGQUIT: SIG_DFL, sa_mask[0]=00000000000000000000000000000000, sa_flags=none


---------------  S Y S T E M  ---------------

OS:DISTRIB_ID=Ubuntu
DISTRIB_RELEASE=16.04
DISTRIB_CODENAME=xenial
DISTRIB_DESCRIPTION="Ubuntu 16.04.1 LTS"

uname:Linux 4.4.0-31-generic #50-Ubuntu SMP Wed Jul 13 00:07:12 UTC 2016 x86_64
libc:glibc 2.23 NPTL 2.23 
rlimit: STACK 8192k, CORE 0k, NPROC 27243, NOFILE 65536, AS infinity
load average:0.99 1.21 1.26

/proc/meminfo:
MemTotal:        7064480 kB
MemFree:          141656 kB
MemAvailable:     377284 kB
Buffers:           19384 kB
Cached:           457416 kB
SwapCached:            0 kB
Active:          6198124 kB
Inactive:         246228 kB
Active(anon):    5970768 kB
Inactive(anon):    54484 kB
Active(file):     227356 kB
Inactive(file):   191744 kB
Unevictable:         288 kB
Mlocked:             288 kB
SwapTotal:             0 kB
SwapFree:              0 kB
Dirty:              1184 kB
Writeback:             0 kB
AnonPages:       5967920 kB
Mapped:           161628 kB
Shmem:             57700 kB
Slab:             141996 kB
SReclaimable:      71900 kB
SUnreclaim:        70096 kB
KernelStack:       12896 kB
PageTables:        47232 kB
NFS_Unstable:          0 kB
Bounce:                0 kB
WritebackTmp:          0 kB
CommitLimit:     3532240 kB
Committed_AS:   10853200 kB
VmallocTotal:   34359738367 kB
VmallocUsed:           0 kB
VmallocChunk:          0 kB
HardwareCorrupted:     0 kB
AnonHugePages:   3014656 kB
CmaTotal:              0 kB
CmaFree:               0 kB
HugePages_Total:       0
HugePages_Free:        0
HugePages_Rsvd:        0
HugePages_Surp:        0
Hugepagesize:       2048 kB
DirectMap4k:      939312 kB
DirectMap2M:     6322176 kB
DirectMap1G:     1048576 kB


CPU:total 4 (4 cores per cpu, 1 threads per core) family 22 model 48 stepping 1, cmov, cx8, fxsr, mmx, sse, sse2, sse3, ssse3, sse4.1, sse4.2, popcnt, avx, aes, clmul, mmxext, 3dnowpref, lzcnt, sse4a, tsc, tscinvbit, tscinv, bmi1

/proc/cpuinfo:
processor	: 0
vendor_id	: AuthenticAMD
cpu family	: 22
model		: 48
model name	: AMD A6-7310 APU with AMD Radeon R4 Graphics
stepping	: 1
microcode	: 0x7030105
cpu MHz		: 2000.000
cache size	: 2048 KB
physical id	: 0
siblings	: 4
core id		: 0
cpu cores	: 4
apicid		: 0
initial apicid	: 0
fpu		: yes
fpu_exception	: yes
cpuid level	: 13
wp		: yes
flags		: fpu vme de pse tsc msr pae mce cx8 apic sep mtrr pge mca cmov pat pse36 clflush mmx fxsr sse sse2 ht syscall nx mmxext fxsr_opt pdpe1gb rdtscp lm constant_tsc rep_good nopl nonstop_tsc extd_apicid aperfmperf eagerfpu pni pclmulqdq monitor ssse3 cx16 sse4_1 sse4_2 movbe popcnt aes xsave avx f16c rdrand lahf_lm cmp_legacy svm extapic cr8_legacy abm sse4a misalignsse 3dnowprefetch osvw ibs skinit wdt topoext perfctr_nb bpext perfctr_l2 cpb hw_pstate vmmcall bmi1 xsaveopt arat npt lbrv svm_lock nrip_save tsc_scale flushbyasid decodeassists pausefilter pfthreshold
bugs		: fxsave_leak sysret_ss_attrs
bogomips	: 3992.64
TLB size	: 1024 4K pages
clflush size	: 64
cache_alignment	: 64
address sizes	: 40 bits physical, 48 bits virtual
power management: ts ttp tm 100mhzsteps hwpstate cpb [12] [13]

processor	: 1
vendor_id	: AuthenticAMD
cpu family	: 22
model		: 48
model name	: AMD A6-7310 APU with AMD Radeon R4 Graphics
stepping	: 1
microcode	: 0x7030105
cpu MHz		: 2000.000
cache size	: 2048 KB
physical id	: 0
siblings	: 4
core id		: 1
cpu cores	: 4
apicid		: 1
initial apicid	: 1
fpu		: yes
fpu_exception	: yes
cpuid level	: 13
wp		: yes
flags		: fpu vme de pse tsc msr pae mce cx8 apic sep mtrr pge mca cmov pat pse36 clflush mmx fxsr sse sse2 ht syscall nx mmxext fxsr_opt pdpe1gb rdtscp lm constant_tsc rep_good nopl nonstop_tsc extd_apicid aperfmperf eagerfpu pni pclmulqdq monitor ssse3 cx16 sse4_1 sse4_2 movbe popcnt aes xsave avx f16c rdrand lahf_lm cmp_legacy svm extapic cr8_legacy abm sse4a misalignsse 3dnowprefetch osvw ibs skinit wdt topoext perfctr_nb bpext perfctr_l2 cpb hw_pstate vmmcall bmi1 xsaveopt arat npt lbrv svm_lock nrip_save tsc_scale flushbyasid decodeassists pausefilter pfthreshold
bugs		: fxsave_leak sysret_ss_attrs
bogomips	: 3992.64
TLB size	: 1024 4K pages
clflush size	: 64
cache_alignment	: 64
address sizes	: 40 bits physical, 48 bits virtual
power management: ts ttp tm 100mhzsteps hwpstate cpb [12] [13]

processor	: 2
vendor_id	: AuthenticAMD
cpu family	: 22
model		: 48
model name	: AMD A6-7310 APU with AMD Radeon R4 Graphics
stepping	: 1
microcode	: 0x7030105
cpu MHz		: 2000.000
cache size	: 2048 KB
physical id	: 0
siblings	: 4
core id		: 2
cpu cores	: 4
apicid		: 2
initial apicid	: 2
fpu		: yes
fpu_exception	: yes
cpuid level	: 13
wp		: yes
flags		: fpu vme de pse tsc msr pae mce cx8 apic sep mtrr pge mca cmov pat pse36 clflush mmx fxsr sse sse2 ht syscall nx mmxext fxsr_opt pdpe1gb rdtscp lm constant_tsc rep_good nopl nonstop_tsc extd_apicid aperfmperf eagerfpu pni pclmulqdq monitor ssse3 cx16 sse4_1 sse4_2 movbe popcnt aes xsave avx f16c rdrand lahf_lm cmp_legacy svm extapic cr8_legacy abm sse4a misalignsse 3dnowprefetch osvw ibs skinit wdt topoext perfctr_nb bpext perfctr_l2 cpb hw_pstate vmmcall bmi1 xsaveopt arat npt lbrv svm_lock nrip_save tsc_scale flushbyasid decodeassists pausefilter pfthreshold
bugs		: fxsave_leak sysret_ss_attrs
bogomips	: 3992.64
TLB size	: 1024 4K pages
clflush size	: 64
cache_alignment	: 64
address sizes	: 40 bits physical, 48 bits virtual
power management: ts ttp tm 100mhzsteps hwpstate cpb [12] [13]

processor	: 3
vendor_id	: AuthenticAMD
cpu family	: 22
model		: 48
model name	: AMD A6-7310 APU with AMD Radeon R4 Graphics
stepping	: 1
microcode	: 0x7030105
cpu MHz		: 2000.000
cache size	: 2048 KB
physical id	: 0
siblings	: 4
core id		: 3
cpu cores	: 4
apicid		: 3
initial apicid	: 3
fpu		: yes
fpu_exception	: yes
cpuid level	: 13
wp		: yes
flags		: fpu vme de pse tsc msr pae mce cx8 apic sep mtrr pge mca cmov pat pse36 clflush mmx fxsr sse sse2 ht syscall nx mmxext fxsr_opt pdpe1gb rdtscp lm constant_tsc rep_good nopl nonstop_tsc extd_apicid aperfmperf eagerfpu pni pclmulqdq monitor ssse3 cx16 sse4_1 sse4_2 movbe popcnt aes xsave avx f16c rdrand lahf_lm cmp_legacy svm extapic cr8_legacy abm sse4a misalignsse 3dnowprefetch osvw ibs skinit wdt topoext perfctr_nb bpext perfctr_l2 cpb hw_pstate vmmcall bmi1 xsaveopt arat npt lbrv svm_lock nrip_save tsc_scale flushbyasid decodeassists pausefilter pfthreshold
bugs		: fxsave_leak sysret_ss_attrs
bogomips	: 3992.64
TLB size	: 1024 4K pages
clflush size	: 64
cache_alignment	: 64
address sizes	: 40 bits physical, 48 bits virtual
power management: ts ttp tm 100mhzsteps hwpstate cpb [12] [13]



Memory: 4k page, physical 7064480k(141656k free), swap 0k(0k free)

vm_info: Java HotSpot(TM) 64-Bit Server VM (25.101-b13) for linux-amd64 JRE (1.8.0_101-b13), built on Jun 22 2016 02:59:44 by "java_re" with gcc 4.3.0 20080428 (Red Hat 4.3.0-8)

time: Tue Jul 26 21:53:40 2016
elapsed time: 0 seconds (0d 0h 0m 0s)

